# hmmsearch :: search profile(s) against a sequence database
# HMMER 3.4 (Aug 2023); http://hmmer.org/
# Copyright (C) 2023 Howard Hughes Medical Institute.
# Freely distributed under the BSD open source license.
# - - - - - - - - - - - - - - - - - - - - - - - - - - - - - - - - - - - -
# query HMM file:                  /scratch1/afreiburger/emilykin/EmilyKin/clade_classify/out/He_269NosZ.hmm
# target sequence database:        /scratch1/afreiburger/emilykin/EmilyKin/clade_classify/out/all_bins_orf.faa
# per-seq hits tabular output:     /scratch1/afreiburger/emilykin/EmilyKin/clade_classify/out/partB_hmmsearch.tblout
# show alignments in output:       no
# sequence reporting threshold:    E-value <= 1e-10
# number of worker threads:        16
# - - - - - - - - - - - - - - - - - - - - - - - - - - - - - - - - - - - -

Query:       graftM_269NosZ_deduplicated_aligned  [M=606]
Scores for complete sequences (score includes all domains):
   --- full sequence ---   --- best 1 domain ---    -#dom-
    E-value  score  bias    E-value  score  bias    exp  N  Sequence                               Description
    ------- ------ -----    ------- ------ -----   ---- --  --------                               -----------
   1.6e-247  828.5   0.1     3e-247  827.6   0.1    1.4  1  coasm_bin.399::contig_14298_pilon_1033  
   1.8e-246  825.0   1.6   3.8e-246  823.9   1.6    1.4  1  coasm_bin.340::contig_25192_pilon_46    
   3.1e-243  814.3   2.0     8e-243  813.0   2.0    1.5  1  coasm_bin.538::contig_60728_pilon_153   
   1.2e-242  812.4   0.0   2.7e-242  811.3   0.0    1.5  1  coasm_bin.497::contig_19386_pilon_202   
   1.3e-240  805.7   0.0   2.5e-240  804.7   0.0    1.4  1  coasm_bin.196::contig_5554_pilon_88     
   1.1e-232  779.5   2.3   3.8e-232  777.7   2.3    1.6  1  coasm_bin.555::contig_4260_pilon_908    
   5.9e-230  770.5   2.8   1.6e-229  769.1   2.8    1.6  1  CAN_4_bin.44::contig_2274_pilon_578     
   4.9e-229  767.4   4.3   1.1e-228  766.2   4.3    1.5  1  coasm_bin.420::contig_59792_pilon_172   
   1.1e-227  763.0   1.5   3.1e-227  761.5   1.5    1.6  1  coasm_bin.392::contig_61242_pilon_23    
   3.9e-227  761.2   0.0   5.1e-227  760.8   0.0    1.1  1  coasm_bin.249::contig_60339_pilon_78    
   4.4e-227  761.0   0.0   5.6e-227  760.6   0.0    1.0  1  coasm_bin.51::contig_4728_pilon_779     
   5.5e-227  760.7   2.6   1.3e-226  759.4   2.6    1.5  1  coasm_bin.394::contig_8321_pilon_2      
   9.9e-227  759.8   3.5   3.5e-226  758.0   3.5    1.7  1  coasm_bin.202::contig_48293_pilon_37    
   2.5e-226  758.5   1.6   8.6e-226  756.7   1.6    1.6  1  coasm_bin.248::contig_60309_pilon_123   
   2.8e-226  758.3   0.0   3.6e-226  758.0   0.0    1.0  1  CAN_5_bin.40::contig_15328_pilon_31     
   1.7e-225  755.8   0.6   3.8e-225  754.6   0.6    1.5  1  CAN_1_bin.177::contig_4767_pilon_723    
   4.3e-225  754.4   0.4   5.5e-225  754.1   0.4    1.1  1  coasm_bin.55::contig_60669_pilon_225    
   8.5e-225  753.5   1.2   1.1e-224  753.1   1.2    1.1  1  coasm_bin.208::contig_40293_pilon_12    
   1.4e-224  752.7   2.1   2.6e-224  751.8   2.1    1.4  1  coasm_bin.248::contig_32176_pilon_30    
   9.2e-224  750.0   5.0   2.2e-223  748.8   5.0    1.5  1  coasm_bin.514::contig_53870_pilon_102   
     1e-223  749.8   4.7   2.7e-223  748.5   4.7    1.5  1  coasm_bin.31::contig_3566_pilon_1336    
   1.3e-223  749.6   0.4   1.6e-223  749.2   0.4    1.1  1  coasm_bin.365::contig_29115_pilon_1289  
   5.7e-223  747.4   0.0   7.2e-223  747.1   0.0    1.0  1  CAN_2_bin.23::contig_3967_pilon_315     
   1.2e-222  746.4   0.0   1.5e-222  746.0   0.0    1.1  1  coasm_bin.171::contig_42433_pilon_97    
   1.7e-222  745.8   3.8     9e-222  743.5   3.8    1.8  1  CAN_3_bin.10::contig_7299_pilon_443     
   5.5e-222  744.2   0.0   6.8e-222  743.9   0.0    1.0  1  coasm_bin.233::contig_58993_pilon_53    
   4.1e-221  741.3   1.8   5.3e-221  740.9   1.8    1.1  1  CAN_3_bin.216::contig_1115_pilon_2365   
   4.4e-221  741.2   2.0   5.6e-221  740.8   2.0    1.1  1  coasm_bin.222::contig_2019_pilon_281    
   8.4e-221  740.2   0.0   1.1e-220  739.9   0.0    1.1  1  coasm_bin.335::contig_6714_pilon_63     
   1.1e-220  739.9   0.0   1.3e-220  739.6   0.0    1.0  1  coasm_bin.157::contig_32105_pilon_10    
     2e-220  739.0   1.1   4.6e-220  737.8   1.1    1.5  1  coasm_bin.108::contig_34616_pilon_35    
   2.3e-220  738.8   0.8   2.9e-220  738.5   0.8    1.1  1  CAN_4_bin.25::contig_10871_pilon_451    
   5.4e-220  737.6   3.3   2.1e-219  735.7   3.3    1.7  1  coasm_bin.203::contig_8862_pilon_14     
   2.1e-218  732.4   0.4   1.9e-217  729.2   0.4    1.9  1  CAN_5_bin.100::contig_180_pilon_91      
   2.4e-218  732.1   0.0   2.9e-217  728.6   0.0    1.9  1  CAN_4_bin.166::contig_5922_pilon_1375   
   3.1e-218  731.8   0.2   2.9e-217  728.5   0.2    1.9  1  coasm_bin.529::contig_10309_pilon_3     
   8.5e-217  727.0   0.1   1.1e-216  726.6   0.1    1.1  1  CAN_2_bin.6::contig_4248_pilon_716      
   1.1e-216  726.7   0.7   7.3e-216  723.9   0.7    1.8  1  coasm_bin.539::contig_6624_pilon_2260   
   1.6e-216  726.2   0.8   9.6e-216  723.5   0.8    1.8  1  coasm_bin.268::contig_56871_pilon_134   
     2e-216  725.8   0.0   2.5e-216  725.5   0.0    1.0  1  CAN_2_bin.176::contig_3015_pilon_1741   
   2.5e-216  725.5   0.1   3.3e-216  725.1   0.1    1.1  1  coasm_bin.250::contig_2873_pilon_199    
   4.9e-216  724.5   0.0   6.1e-216  724.2   0.0    1.0  1  CAN_4_bin.236::contig_3802_pilon_35     
   5.3e-216  724.4   0.1   7.3e-216  723.9   0.1    1.1  1  CAN_3_bin.208::contig_31755_pilon_10    
   6.1e-216  724.2   1.6     6e-215  720.9   1.6    1.9  1  coasm_bin.364::contig_19213_pilon_2814  
   6.5e-216  724.1   0.9     4e-215  721.5   0.9    1.8  1  coasm_bin.213::contig_58971_pilon_22    
   8.1e-216  723.8   0.1     1e-214  720.1   0.1    1.9  1  coasm_bin.441::contig_4727_pilon_626    
   9.5e-216  723.6   0.1   1.3e-215  723.1   0.1    1.1  1  CAN_4_bin.208::contig_17884_pilon_32    
   3.9e-215  721.5   1.0   4.8e-214  717.9   1.0    1.9  1  coasm_bin.322::contig_29718_pilon_39    
   5.3e-215  721.1   0.1     7e-215  720.7   0.1    1.1  1  coasm_bin.347::contig_35836_pilon_87    
   5.7e-215  721.0   0.3   5.3e-214  717.8   0.3    1.9  1  coasm_bin.61::contig_58584_pilon_368    
   6.1e-215  720.9   0.1   8.2e-215  720.5   0.1    1.1  1  coasm_bin.256::contig_59740_pilon_16    
   7.3e-215  720.6   0.1   9.3e-214  717.0   0.1    1.9  1  coasm_bin.286::contig_58492_pilon_78    
   1.1e-214  720.1   0.4   1.1e-213  716.7   0.4    1.9  1  coasm_bin.548::contig_32964_pilon_9     
   1.1e-214  720.0   0.1   9.6e-214  716.9   0.1    2.0  1  CAN_3_bin.205::contig_22111_pilon_186   
   1.2e-214  720.0   0.3   1.1e-213  716.7   0.3    1.9  1  CAN_5_bin.145::contig_6625_pilon_1497   
   1.3e-214  719.8   2.0   6.7e-214  717.5   2.0    1.8  1  coasm_bin.521::contig_25474_pilon_11    
   1.5e-214  719.6   0.1   1.9e-214  719.3   0.1    1.1  1  coasm_bin.185::contig_2971_pilon_19     
   3.5e-214  718.4   0.5   3.2e-213  715.2   0.5    1.9  1  CAN_5_bin.167::contig_5668_pilon_28     
   3.9e-214  718.2   0.0   5.4e-214  717.8   0.0    1.1  1  coasm_bin.529::contig_46596_pilon_7     
   4.1e-214  718.1   0.0   5.4e-214  717.8   0.0    1.1  1  CAN_5_bin.70::contig_4019_pilon_50      
   4.6e-214  718.0   0.1   6.2e-214  717.6   0.1    1.1  1  coasm_bin.214::contig_35828_pilon_32    
   6.1e-214  717.6   0.2   8.1e-214  717.2   0.2    1.1  1  CAN_4_bin.64::contig_20493_pilon_18     
   6.4e-214  717.5   0.8   9.6e-213  713.6   0.8    1.9  1  CAN_5_bin.112::contig_1439_pilon_1024   
   1.3e-213  716.6   0.0   1.5e-213  716.3   0.0    1.0  1  CAN_1_bin.77::contig_25145_pilon_497    
   1.4e-213  716.4   0.5   8.6e-213  713.8   0.5    1.8  1  coasm_bin.466::contig_31330_pilon_46    
   1.5e-213  716.3   2.7   1.5e-212  713.0   2.7    1.9  1  CAN_4_bin.112::contig_21500_pilon_89    
     2e-213  715.9   0.7   2.7e-212  712.1   0.7    1.9  1  coasm_bin.114::contig_18801_pilon_28    
     2e-213  715.9   0.0   4.7e-212  711.4   0.0    2.0  1  CAN_4_bin.197::contig_3417_pilon_221    
   2.4e-213  715.6   0.0   3.1e-213  715.3   0.0    1.1  1  CAN_4_bin.225::contig_21552_pilon_106   
   3.5e-213  715.1   1.2   3.6e-212  711.7   1.2    1.9  1  coasm_bin.314::contig_41358_pilon_112   
   3.7e-213  715.0   0.0   4.9e-213  714.6   0.0    1.1  1  CAN_4_bin.195::contig_4623_pilon_4      
   4.2e-213  714.8   0.1   5.6e-213  714.4   0.1    1.1  1  coasm_bin.15::contig_19815_pilon_110    
   4.4e-213  714.8   0.3   4.2e-212  711.5   0.3    1.9  1  coasm_bin.142::contig_61138_pilon_124   
   4.5e-213  714.7   0.1     6e-213  714.3   0.1    1.1  1  CAN_1_bin.98::contig_1207_pilon_2398    
     6e-213  714.3   0.4   5.5e-212  711.1   0.4    1.9  1  coasm_bin.482::contig_44997_pilon_2269  
   7.3e-213  714.0   1.6   9.1e-212  710.4   1.6    2.0  1  coasm_bin.40::contig_7814_pilon_986     
   8.2e-213  713.9   0.1   1.1e-211  710.1   0.1    1.9  1  CAN_4_bin.238::contig_21236_pilon_101   
   1.4e-212  713.1   0.0   7.3e-212  710.7   0.0    1.8  1  coasm_bin.425::contig_59333_pilon_2525  
   1.8e-212  712.8   0.3   1.9e-211  709.3   0.3    1.9  1  CAN_3_bin.227::contig_9094_pilon_1029   
   1.9e-212  712.6   1.4     2e-211  709.3   1.4    1.9  1  CAN_3_bin.221::contig_3232_pilon_3118   
   4.5e-212  711.4   2.2   4.4e-211  708.1   2.2    1.9  1  coasm_bin.121::contig_26880_pilon_58    
   1.4e-211  709.8   0.0   1.2e-210  706.7   0.0    1.9  1  coasm_bin.156::contig_12794_pilon_700   
   1.6e-211  709.6   0.0   9.7e-211  707.0   0.0    1.8  1  coasm_bin.132::contig_13513_pilon_2146  
   4.1e-211  708.3   0.4   3.6e-210  705.1   0.4    1.9  1  coasm_bin.53::contig_7194_pilon_472     
   1.1e-210  706.9   0.0   1.4e-210  706.4   0.0    1.1  1  coasm_bin.348::contig_6311_pilon_1621   
   1.6e-210  706.3   0.7   1.4e-209  703.2   0.7    1.9  1  coasm_bin.259::contig_53215_pilon_5     
   2.4e-210  705.7   0.0   1.6e-209  703.0   0.0    1.8  1  coasm_bin.579::contig_15826_pilon_2350  
   2.9e-210  705.4   0.2   2.7e-209  702.3   0.2    1.9  1  CAN_5_bin.147::contig_1541_pilon_2526   
   6.2e-209  701.1   0.0   8.2e-209  700.7   0.0    1.1  1  CAN_4_bin.220::contig_7059_pilon_154    
   6.6e-209  701.0   0.0     9e-209  700.5   0.0    1.1  1  CAN_3_bin.203::contig_7512_pilon_153    
   2.9e-208  698.9   0.0   3.7e-208  698.5   0.0    1.1  1  coasm_bin.196::contig_50271_pilon_45    
   3.7e-208  698.5   0.0   4.9e-208  698.1   0.0    1.1  1  coasm_bin.484::contig_5704_pilon_500    
   4.2e-208  698.3   0.0   1.2e-206  693.5   0.0    2.0  1  coasm_bin.183::contig_62262_pilon_19    
   4.4e-208  698.2   0.0   4.6e-207  694.9   0.0    1.9  1  coasm_bin.551::contig_19342_pilon_401   
   6.5e-208  697.7   2.3   6.3e-207  694.4   2.3    1.9  1  coasm_bin.373::contig_12727_pilon_277   
   5.8e-206  691.2   0.1   7.2e-206  690.9   0.1    1.0  1  CAN_2_bin.66::contig_18307_pilon_26     
   5.8e-206  691.2   0.1   7.2e-206  690.9   0.1    1.0  1  coasm_bin.468::contig_39176_pilon_14    
   4.3e-204  685.0   0.0   5.5e-204  684.7   0.0    1.0  1  CAN_5_bin.62::contig_18830_pilon_29     
   5.5e-203  681.4   0.0   6.4e-203  681.2   0.0    1.0  1  coasm_bin.578::contig_21031_pilon_2035  
   7.3e-203  681.0   0.0   9.2e-203  680.7   0.0    1.0  1  coasm_bin.47::contig_12371_pilon_26     
   1.4e-201  676.8   0.0   1.8e-201  676.4   0.0    1.0  1  coasm_bin.10::contig_6075_pilon_612     
   9.4e-201  674.0   0.0   1.2e-200  673.7   0.0    1.1  1  coasm_bin.543::contig_11244_pilon_1690  
   1.2e-200  673.7   0.0   1.5e-200  673.4   0.0    1.0  1  coasm_bin.481::contig_7991_pilon_176    
   1.5e-200  673.3   0.0   1.9e-200  673.0   0.0    1.0  1  coasm_bin.260::contig_9348_pilon_468    
   6.8e-200  671.2   0.0   8.5e-200  670.9   0.0    1.0  1  coasm_bin.139::contig_59195_pilon_24    
   8.6e-196  657.6   0.0   1.1e-195  657.3   0.0    1.1  1  coasm_bin.350::contig_11599_pilon_64    
   9.4e-195  654.2   0.0   1.2e-194  653.9   0.0    1.1  1  coasm_bin.313::contig_33514_pilon_14    
   9.5e-194  650.9   0.0   1.2e-193  650.6   0.0    1.1  1  coasm_bin.153::contig_9947_pilon_216    
   2.4e-193  649.6   0.0     3e-193  649.2   0.0    1.1  1  coasm_bin.358::contig_30729_pilon_20    
   4.7e-193  648.6   0.0   5.5e-193  648.4   0.0    1.0  1  coasm_bin.320::contig_53505_pilon_10    
   3.4e-192  645.8   0.0   4.4e-192  645.4   0.0    1.1  1  coasm_bin.54::contig_32379_pilon_41     
   4.4e-191  642.1   0.0   5.6e-191  641.8   0.0    1.0  1  CAN_4_bin.103::contig_5654_pilon_2657   
   2.5e-186  626.4   0.1   2.4e-185  623.1   0.1    1.9  1  coasm_bin.110::contig_52774_pilon_1     
   8.4e-186  624.6   0.1   1.1e-185  624.2   0.1    1.1  1  coasm_bin.246::contig_10496_pilon_27    
   9.1e-183  614.6   0.0   1.1e-182  614.3   0.0    1.0  1  CAN_4_bin.107::contig_15383_pilon_41    
   5.1e-178  599.0   0.3   5.7e-178  598.8   0.3    1.0  1  coasm_bin.105::contig_51181_pilon_21    
   1.4e-155  524.8   0.0   1.7e-155  524.5   0.0    1.0  1  coasm_bin.318::contig_59797_pilon_27    
   1.2e-152  515.2   0.0   1.7e-152  514.7   0.0    1.1  1  CAN_2_bin.173::contig_18343_pilon_116   
   2.7e-148  500.8   0.3   4.1e-147  496.9   0.3    1.9  1  coasm_bin.492::contig_42928_pilon_23    
   5.5e-125  423.8   0.1   7.3e-125  423.4   0.1    1.2  1  coasm_bin.178::contig_12716_pilon_115   
   1.1e-109  373.3   0.0   1.3e-109  373.0   0.0    1.0  1  coasm_bin.181::contig_53337_pilon_13    
     2e-109  372.4   0.4   2.5e-109  372.1   0.4    1.1  1  coasm_bin.246::contig_10496_pilon_23    
   2.8e-105  358.7   0.0   3.1e-105  358.6   0.0    1.0  1  coasm_bin.238::contig_15862_pilon_90    
   2.4e-104  355.6   0.0   2.8e-104  355.4   0.0    1.0  1  coasm_bin.181::contig_12380_pilon_16    
    2.3e-92  316.1   0.3    1.5e-91  313.3   0.3    1.8  1  coasm_bin.238::contig_15862_pilon_89    
      2e-75  260.1   0.0    2.6e-75  259.7   0.0    1.0  1  coasm_bin.181::contig_12380_pilon_17    
    9.7e-70  241.3   0.1    1.1e-69  241.2   0.1    1.0  1  coasm_bin.362::contig_46179_pilon_25    
    3.4e-69  239.5   3.1    1.3e-67  234.3   3.1    2.0  1  coasm_bin.393::contig_62164_pilon_22    
    1.3e-61  214.4   0.0    1.6e-61  214.2   0.0    1.0  1  coasm_bin.312::contig_62613_pilon_69    
    3.4e-58  203.2   0.0    4.1e-58  202.9   0.0    1.0  1  coasm_bin.312::contig_62613_pilon_71    
    1.2e-47  168.3   0.0      4e-46  163.3   0.0    2.0  1  coasm_bin.312::contig_62613_pilon_70    
    3.2e-47  167.0   0.0    3.4e-47  166.9   0.0    1.0  1  coasm_bin.203::contig_44546_pilon_7     
    2.9e-46  163.8   0.3    3.2e-46  163.7   0.3    1.0  1  coasm_bin.318::contig_59797_pilon_28    
    1.7e-35  128.2   0.0    1.8e-35  128.2   0.0    1.0  1  coasm_bin.393::contig_62164_pilon_24    
    2.2e-34  124.5   0.0    2.4e-34  124.4   0.0    1.0  1  coasm_bin.393::contig_62164_pilon_25    
    2.2e-32  117.9   0.1    2.5e-32  117.8   0.1    1.0  1  coasm_bin.492::contig_42928_pilon_24    
    2.5e-26   97.9   0.0    2.9e-26   97.8   0.0    1.0  1  coasm_bin.178::contig_12716_pilon_116   
    7.5e-26   96.4   0.0    8.8e-26   96.1   0.0    1.0  1  CAN_2_bin.173::contig_18343_pilon_115   
    2.7e-24   91.2   0.0    2.9e-24   91.1   0.0    1.0  1  coasm_bin.393::contig_62164_pilon_21    
    1.3e-18   72.4   6.8    4.4e-08   37.7   0.2    5.4  5  CAN_1_bin.84::contig_959_pilon_1711     
    1.6e-18   72.1   0.0    2.1e-18   71.8   0.0    1.0  1  coasm_bin.313::contig_32202_pilon_48    
    3.1e-18   71.2   0.0      4e-18   70.9   0.0    1.0  1  coasm_bin.543::contig_11244_pilon_2944  
    4.6e-18   70.6   0.1    5.4e-18   70.4   0.1    1.0  1  coasm_bin.540::contig_52041_pilon_15    
    3.9e-17   67.6   0.1    4.7e-17   67.3   0.1    1.0  1  coasm_bin.92::contig_19574_pilon_826    
    5.2e-17   67.2   0.0    5.9e-17   67.0   0.0    1.0  1  CAN_4_bin.62::contig_20278_pilon_12     
    7.3e-17   66.7   0.0    9.4e-17   66.3   0.0    1.0  1  CAN_4_bin.11::contig_283_pilon_3197     
    8.8e-17   66.4   0.1    1.1e-16   66.1   0.1    1.1  1  coasm_bin.481::contig_12275_pilon_166   
    1.1e-16   66.1   0.0    1.4e-16   65.7   0.0    1.0  1  coasm_bin.181::contig_53337_pilon_14    
    2.3e-16   65.0   0.0    2.9e-16   64.7   0.0    1.0  1  coasm_bin.543::contig_11244_pilon_2498  
    2.8e-16   64.8   0.0    3.5e-16   64.5   0.0    1.0  1  CAN_5_bin.9::contig_6382_pilon_7        
    3.7e-16   64.3   0.0    4.6e-16   64.1   0.0    1.0  1  coasm_bin.260::contig_20316_pilon_652   
    1.8e-15   62.1   0.0    2.3e-15   61.7   0.0    1.0  1  coasm_bin.543::contig_11244_pilon_3241  
    2.8e-15   61.5  16.2    5.7e-08   37.3   0.1    5.8  5  coasm_bin.325::contig_12578_pilon_229   
    3.4e-15   61.2   0.1    4.1e-15   60.9   0.1    1.0  1  coasm_bin.47::contig_11401_pilon_124    
    4.8e-15   60.7   0.0    6.5e-15   60.2   0.0    1.0  1  coasm_bin.22::contig_50426_pilon_2      
    9.1e-15   59.8   5.5    1.3e-08   39.4   0.4    3.1  3  CAN_4_bin.11::contig_283_pilon_3170     
    2.9e-14   58.1   0.1    3.4e-14   57.9   0.1    1.0  1  CAN_4_bin.107::contig_7300_pilon_1      
    5.1e-14   57.3   0.1    6.1e-14   57.0   0.1    1.0  1  CAN_4_bin.107::contig_5549_pilon_17     
    5.1e-14   57.3   0.1    6.1e-14   57.0   0.1    1.0  1  coasm_bin.426::contig_49052_pilon_123   
    6.1e-14   57.0   3.9    0.00016   25.9   0.1    4.4  4  coasm_bin.51::contig_26936_pilon_32     
    7.3e-14   56.8   0.1    8.7e-14   56.5   0.1    1.1  1  coasm_bin.315::contig_35537_pilon_10    
    7.4e-14   56.8   0.1    8.9e-14   56.5   0.1    1.0  1  coasm_bin.22::contig_61755_pilon_45     
      8e-14   56.6   5.8      4e-06   31.2   0.5    4.1  5  coasm_bin.188::contig_17623_pilon_172   
    2.3e-13   55.1   0.1    2.8e-13   54.8   0.1    1.1  1  coasm_bin.181::contig_14660_pilon_188   
    2.9e-13   54.8   0.0    3.8e-13   54.4   0.0    1.1  1  coasm_bin.260::contig_20316_pilon_654   
    1.9e-12   52.1   0.1      0.003   21.7   0.0    3.8  4  coasm_bin.222::contig_22655_pilon_270   
    1.9e-12   52.1   0.2    2.1e-12   51.9   0.2    1.0  1  coasm_bin.249::contig_10326_pilon_132   
      4e-12   51.0   0.2      0.024   18.7   0.0    4.5  4  coasm_bin.256::contig_61326_pilon_18    
    4.3e-12   50.9   8.4      0.003   21.7   0.3    4.6  4  coasm_bin.156::contig_12303_pilon_1005  
      5e-12   50.7   6.2    2.2e-08   38.7   1.2    3.3  3  coasm_bin.543::contig_11244_pilon_2559  
    5.1e-12   50.7   0.4    6.3e-12   50.4   0.4    1.0  1  CAN_4_bin.70::contig_8184_pilon_36      
    5.6e-12   50.6   0.3      0.014   19.6   0.0    4.0  4  coasm_bin.399::contig_13235_pilon_7     
    1.2e-11   49.4   1.6    1.2e-11   49.4   1.6    1.0  1  CAN_4_bin.107::contig_15383_pilon_40    
    1.3e-11   49.3   1.7    0.00025   25.3   0.1    2.8  3  coasm_bin.280::contig_18138_pilon_55    
    1.5e-11   49.2   0.2    1.8e-11   48.9   0.2    1.1  1  coasm_bin.313::contig_9789_pilon_151    
    1.6e-11   49.0   0.1      2e-11   48.7   0.1    1.1  1  coasm_bin.260::contig_6013_pilon_471    
      3e-11   48.2   0.1    3.6e-11   47.9   0.1    1.1  1  CAN_5_bin.62::contig_18469_pilon_2      
      5e-11   47.4   2.8     0.0071   20.5   0.4    4.6  5  coasm_bin.563::contig_26482_pilon_149   
      5e-11   47.4   0.0    5.9e-11   47.2   0.0    1.1  1  CAN_4_bin.11::contig_283_pilon_1107     
    5.8e-11   47.2   0.0    8.2e-11   46.7   0.0    1.1  1  coasm_bin.313::contig_32202_pilon_45    


Domain annotation for each sequence:
>> coasm_bin.399::contig_14298_pilon_1033  
   #    score  bias  c-Evalue  i-Evalue hmmfrom  hmm to    alifrom  ali to    envfrom  env to     acc
 ---   ------ ----- --------- --------- ------- -------    ------- -------    ------- -------    ----
   1 !  827.6   0.1  5.8e-251    3e-247      33     604 ..      57     647 ..      35     649 .. 0.94

>> coasm_bin.340::contig_25192_pilon_46  
   #    score  bias  c-Evalue  i-Evalue hmmfrom  hmm to    alifrom  ali to    envfrom  env to     acc
 ---   ------ ----- --------- --------- ------- -------    ------- -------    ------- -------    ----
   1 !  823.9   1.6  7.4e-250  3.8e-246      18     604 ..      34     639 ..      13     641 .. 0.93

>> coasm_bin.538::contig_60728_pilon_153  
   #    score  bias  c-Evalue  i-Evalue hmmfrom  hmm to    alifrom  ali to    envfrom  env to     acc
 ---   ------ ----- --------- --------- ------- -------    ------- -------    ------- -------    ----
   1 !  813.0   2.0  1.5e-246    8e-243      43     603 ..       2     581 ..       1     583 [. 0.95

>> coasm_bin.497::contig_19386_pilon_202  
   #    score  bias  c-Evalue  i-Evalue hmmfrom  hmm to    alifrom  ali to    envfrom  env to     acc
 ---   ------ ----- --------- --------- ------- -------    ------- -------    ------- -------    ----
   1 !  811.3   0.0  5.1e-246  2.7e-242      31     604 ..      39     631 ..      10     633 .. 0.94

>> coasm_bin.196::contig_5554_pilon_88  
   #    score  bias  c-Evalue  i-Evalue hmmfrom  hmm to    alifrom  ali to    envfrom  env to     acc
 ---   ------ ----- --------- --------- ------- -------    ------- -------    ------- -------    ----
   1 !  804.7   0.0  4.9e-244  2.5e-240      32     604 ..      52     643 ..      33     645 .. 0.94

>> coasm_bin.555::contig_4260_pilon_908  
   #    score  bias  c-Evalue  i-Evalue hmmfrom  hmm to    alifrom  ali to    envfrom  env to     acc
 ---   ------ ----- --------- --------- ------- -------    ------- -------    ------- -------    ----
   1 !  777.7   2.3  7.3e-236  3.8e-232      15     604 ..      25     635 ..      11     637 .. 0.92

>> CAN_4_bin.44::contig_2274_pilon_578  
   #    score  bias  c-Evalue  i-Evalue hmmfrom  hmm to    alifrom  ali to    envfrom  env to     acc
 ---   ------ ----- --------- --------- ------- -------    ------- -------    ------- -------    ----
   1 !  769.1   2.8  3.1e-233  1.6e-229      15     604 ..      24     635 ..       8     637 .. 0.92

>> coasm_bin.420::contig_59792_pilon_172  
   #    score  bias  c-Evalue  i-Evalue hmmfrom  hmm to    alifrom  ali to    envfrom  env to     acc
 ---   ------ ----- --------- --------- ------- -------    ------- -------    ------- -------    ----
   1 !  766.2   4.3  2.2e-232  1.1e-228      19     604 ..      44     649 ..      28     651 .. 0.90

>> coasm_bin.392::contig_61242_pilon_23  
   #    score  bias  c-Evalue  i-Evalue hmmfrom  hmm to    alifrom  ali to    envfrom  env to     acc
 ---   ------ ----- --------- --------- ------- -------    ------- -------    ------- -------    ----
   1 !  761.5   1.5  5.9e-231  3.1e-227      26     604 ..      41     642 ..      23     642 .. 0.91

>> coasm_bin.249::contig_60339_pilon_78  
   #    score  bias  c-Evalue  i-Evalue hmmfrom  hmm to    alifrom  ali to    envfrom  env to     acc
 ---   ------ ----- --------- --------- ------- -------    ------- -------    ------- -------    ----
   1 !  760.8   0.0  9.9e-231  5.1e-227      32     603 ..      57     643 ..      38     643 .. 0.93

>> coasm_bin.51::contig_4728_pilon_779  
   #    score  bias  c-Evalue  i-Evalue hmmfrom  hmm to    alifrom  ali to    envfrom  env to     acc
 ---   ------ ----- --------- --------- ------- -------    ------- -------    ------- -------    ----
   1 !  760.6   0.0  1.1e-230  5.6e-227      27     603 ..      54     644 ..      35     644 .. 0.91

>> coasm_bin.394::contig_8321_pilon_2  
   #    score  bias  c-Evalue  i-Evalue hmmfrom  hmm to    alifrom  ali to    envfrom  env to     acc
 ---   ------ ----- --------- --------- ------- -------    ------- -------    ------- -------    ----
   1 !  759.4   2.6  2.5e-230  1.3e-226      13     604 ..      40     650 ..      30     652 .. 0.90

>> coasm_bin.202::contig_48293_pilon_37  
   #    score  bias  c-Evalue  i-Evalue hmmfrom  hmm to    alifrom  ali to    envfrom  env to     acc
 ---   ------ ----- --------- --------- ------- -------    ------- -------    ------- -------    ----
   1 !  758.0   3.5  6.8e-230  3.5e-226      26     605 ..      42     643 ..      22     644 .. 0.92

>> coasm_bin.248::contig_60309_pilon_123  
   #    score  bias  c-Evalue  i-Evalue hmmfrom  hmm to    alifrom  ali to    envfrom  env to     acc
 ---   ------ ----- --------- --------- ------- -------    ------- -------    ------- -------    ----
   1 !  756.7   1.6  1.7e-229  8.6e-226      13     604 ..      39     648 ..      29     650 .. 0.90

>> CAN_5_bin.40::contig_15328_pilon_31  
   #    score  bias  c-Evalue  i-Evalue hmmfrom  hmm to    alifrom  ali to    envfrom  env to     acc
 ---   ------ ----- --------- --------- ------- -------    ------- -------    ------- -------    ----
   1 !  758.0   0.0    7e-230  3.6e-226      31     603 ..      56     643 ..      39     643 .. 0.92

>> CAN_1_bin.177::contig_4767_pilon_723  
   #    score  bias  c-Evalue  i-Evalue hmmfrom  hmm to    alifrom  ali to    envfrom  env to     acc
 ---   ------ ----- --------- --------- ------- -------    ------- -------    ------- -------    ----
   1 !  754.6   0.6  7.3e-229  3.8e-225      14     603 ..      38     646 ..      27     647 .. 0.91

>> coasm_bin.55::contig_60669_pilon_225  
   #    score  bias  c-Evalue  i-Evalue hmmfrom  hmm to    alifrom  ali to    envfrom  env to     acc
 ---   ------ ----- --------- --------- ------- -------    ------- -------    ------- -------    ----
   1 !  754.1   0.4    1e-228  5.5e-225      16     603 ..      38     642 ..      16     643 .. 0.91

>> coasm_bin.208::contig_40293_pilon_12  
   #    score  bias  c-Evalue  i-Evalue hmmfrom  hmm to    alifrom  ali to    envfrom  env to     acc
 ---   ------ ----- --------- --------- ------- -------    ------- -------    ------- -------    ----
   1 !  753.1   1.2  2.1e-228  1.1e-224      32     603 ..      58     646 ..      41     646 .. 0.91

>> coasm_bin.248::contig_32176_pilon_30  
   #    score  bias  c-Evalue  i-Evalue hmmfrom  hmm to    alifrom  ali to    envfrom  env to     acc
 ---   ------ ----- --------- --------- ------- -------    ------- -------    ------- -------    ----
   1 !  751.8   2.1  5.1e-228  2.6e-224      13     604 ..      36     644 ..      27     646 .. 0.90

>> coasm_bin.514::contig_53870_pilon_102  
   #    score  bias  c-Evalue  i-Evalue hmmfrom  hmm to    alifrom  ali to    envfrom  env to     acc
 ---   ------ ----- --------- --------- ------- -------    ------- -------    ------- -------    ----
   1 !  748.8   5.0  4.2e-227  2.2e-223      27     604 ..      51     651 ..      33     653 .. 0.90

>> coasm_bin.31::contig_3566_pilon_1336  
   #    score  bias  c-Evalue  i-Evalue hmmfrom  hmm to    alifrom  ali to    envfrom  env to     acc
 ---   ------ ----- --------- --------- ------- -------    ------- -------    ------- -------    ----
   1 !  748.5   4.7  5.2e-227  2.7e-223      22     604 ..      46     645 ..      31     647 .. 0.92

>> coasm_bin.365::contig_29115_pilon_1289  
   #    score  bias  c-Evalue  i-Evalue hmmfrom  hmm to    alifrom  ali to    envfrom  env to     acc
 ---   ------ ----- --------- --------- ------- -------    ------- -------    ------- -------    ----
   1 !  749.2   0.4  3.1e-227  1.6e-223      24     603 ..      51     647 ..      23     648 .. 0.92

>> CAN_2_bin.23::contig_3967_pilon_315  
   #    score  bias  c-Evalue  i-Evalue hmmfrom  hmm to    alifrom  ali to    envfrom  env to     acc
 ---   ------ ----- --------- --------- ------- -------    ------- -------    ------- -------    ----
   1 !  747.1   0.0  1.4e-226  7.2e-223      28     603 ..      58     650 ..      39     650 .. 0.91

>> coasm_bin.171::contig_42433_pilon_97  
   #    score  bias  c-Evalue  i-Evalue hmmfrom  hmm to    alifrom  ali to    envfrom  env to     acc
 ---   ------ ----- --------- --------- ------- -------    ------- -------    ------- -------    ----
   1 !  746.0   0.0    3e-226  1.5e-222      25     603 ..      54     645 ..      35     645 .. 0.92

>> CAN_3_bin.10::contig_7299_pilon_443  
   #    score  bias  c-Evalue  i-Evalue hmmfrom  hmm to    alifrom  ali to    envfrom  env to     acc
 ---   ------ ----- --------- --------- ------- -------    ------- -------    ------- -------    ----
   1 !  743.5   3.8  1.7e-225    9e-222      25     605 ..      41     648 ..      30     649 .. 0.90

>> coasm_bin.233::contig_58993_pilon_53  
   #    score  bias  c-Evalue  i-Evalue hmmfrom  hmm to    alifrom  ali to    envfrom  env to     acc
 ---   ------ ----- --------- --------- ------- -------    ------- -------    ------- -------    ----
   1 !  743.9   0.0  1.3e-225  6.8e-222      23     603 ..      48     645 ..      26     645 .. 0.90

>> CAN_3_bin.216::contig_1115_pilon_2365  
   #    score  bias  c-Evalue  i-Evalue hmmfrom  hmm to    alifrom  ali to    envfrom  env to     acc
 ---   ------ ----- --------- --------- ------- -------    ------- -------    ------- -------    ----
   1 !  740.9   1.8    1e-224  5.3e-221      36     603 ..      66     650 ..      48     650 .. 0.92

>> coasm_bin.222::contig_2019_pilon_281  
   #    score  bias  c-Evalue  i-Evalue hmmfrom  hmm to    alifrom  ali to    envfrom  env to     acc
 ---   ------ ----- --------- --------- ------- -------    ------- -------    ------- -------    ----
   1 !  740.8   2.0  1.1e-224  5.6e-221      34     603 ..      63     649 ..      46     649 .. 0.92

>> coasm_bin.335::contig_6714_pilon_63  
   #    score  bias  c-Evalue  i-Evalue hmmfrom  hmm to    alifrom  ali to    envfrom  env to     acc
 ---   ------ ----- --------- --------- ------- -------    ------- -------    ------- -------    ----
   1 !  739.9   0.0  2.1e-224  1.1e-220      24     603 ..      52     645 ..      34     645 .. 0.91

>> coasm_bin.157::contig_32105_pilon_10  
   #    score  bias  c-Evalue  i-Evalue hmmfrom  hmm to    alifrom  ali to    envfrom  env to     acc
 ---   ------ ----- --------- --------- ------- -------    ------- -------    ------- -------    ----
   1 !  739.6   0.0  2.6e-224  1.3e-220      18     603 ..      42     645 ..      25     645 .. 0.90

>> coasm_bin.108::contig_34616_pilon_35  
   #    score  bias  c-Evalue  i-Evalue hmmfrom  hmm to    alifrom  ali to    envfrom  env to     acc
 ---   ------ ----- --------- --------- ------- -------    ------- -------    ------- -------    ----
   1 !  737.8   1.1  8.8e-224  4.6e-220      25     604 ..      46     648 ..      30     650 .. 0.90

>> CAN_4_bin.25::contig_10871_pilon_451  
   #    score  bias  c-Evalue  i-Evalue hmmfrom  hmm to    alifrom  ali to    envfrom  env to     acc
 ---   ------ ----- --------- --------- ------- -------    ------- -------    ------- -------    ----
   1 !  738.5   0.8  5.6e-224  2.9e-220      16     603 ..      41     644 ..      18     644 .. 0.91

>> coasm_bin.203::contig_8862_pilon_14  
   #    score  bias  c-Evalue  i-Evalue hmmfrom  hmm to    alifrom  ali to    envfrom  env to     acc
 ---   ------ ----- --------- --------- ------- -------    ------- -------    ------- -------    ----
   1 !  735.7   3.3    4e-223  2.1e-219      20     604 ..      44     655 ..      30     657 .. 0.89

>> CAN_5_bin.100::contig_180_pilon_91  
   #    score  bias  c-Evalue  i-Evalue hmmfrom  hmm to    alifrom  ali to    envfrom  env to     acc
 ---   ------ ----- --------- --------- ------- -------    ------- -------    ------- -------    ----
   1 !  729.2   0.4  3.7e-221  1.9e-217      12     604 ..       8     634 ..       1     636 [. 0.90

>> CAN_4_bin.166::contig_5922_pilon_1375  
   #    score  bias  c-Evalue  i-Evalue hmmfrom  hmm to    alifrom  ali to    envfrom  env to     acc
 ---   ------ ----- --------- --------- ------- -------    ------- -------    ------- -------    ----
   1 !  728.6   0.0  5.5e-221  2.9e-217       3     605 ..       3     639 ..       1     640 [. 0.89

>> coasm_bin.529::contig_10309_pilon_3  
   #    score  bias  c-Evalue  i-Evalue hmmfrom  hmm to    alifrom  ali to    envfrom  env to     acc
 ---   ------ ----- --------- --------- ------- -------    ------- -------    ------- -------    ----
   1 !  728.5   0.2  5.7e-221  2.9e-217      12     604 ..       8     634 ..       1     636 [. 0.90

>> CAN_2_bin.6::contig_4248_pilon_716  
   #    score  bias  c-Evalue  i-Evalue hmmfrom  hmm to    alifrom  ali to    envfrom  env to     acc
 ---   ------ ----- --------- --------- ------- -------    ------- -------    ------- -------    ----
   1 !  726.6   0.1  2.2e-220  1.1e-216      31     604 ..      41     645 ..       2     647 .. 0.91

>> coasm_bin.539::contig_6624_pilon_2260  
   #    score  bias  c-Evalue  i-Evalue hmmfrom  hmm to    alifrom  ali to    envfrom  env to     acc
 ---   ------ ----- --------- --------- ------- -------    ------- -------    ------- -------    ----
   1 !  723.9   0.7  1.4e-219  7.3e-216      11     604 ..      11     640 ..       1     642 [. 0.88

>> coasm_bin.268::contig_56871_pilon_134  
   #    score  bias  c-Evalue  i-Evalue hmmfrom  hmm to    alifrom  ali to    envfrom  env to     acc
 ---   ------ ----- --------- --------- ------- -------    ------- -------    ------- -------    ----
   1 !  723.5   0.8  1.9e-219  9.6e-216      10     604 ..       8     636 ..       1     638 [. 0.89

>> CAN_2_bin.176::contig_3015_pilon_1741  
   #    score  bias  c-Evalue  i-Evalue hmmfrom  hmm to    alifrom  ali to    envfrom  env to     acc
 ---   ------ ----- --------- --------- ------- -------    ------- -------    ------- -------    ----
   1 !  725.5   0.0  4.8e-220  2.5e-216      30     604 ..      41     621 ..      18     622 .. 0.95

>> coasm_bin.250::contig_2873_pilon_199  
   #    score  bias  c-Evalue  i-Evalue hmmfrom  hmm to    alifrom  ali to    envfrom  env to     acc
 ---   ------ ----- --------- --------- ------- -------    ------- -------    ------- -------    ----
   1 !  725.1   0.1  6.3e-220  3.3e-216      31     604 ..      42     646 ..      20     648 .. 0.91

>> CAN_4_bin.236::contig_3802_pilon_35  
   #    score  bias  c-Evalue  i-Evalue hmmfrom  hmm to    alifrom  ali to    envfrom  env to     acc
 ---   ------ ----- --------- --------- ------- -------    ------- -------    ------- -------    ----
   1 !  724.2   0.0  1.2e-219  6.1e-216      29     603 ..      63     654 ..      41     654 .. 0.91

>> CAN_3_bin.208::contig_31755_pilon_10  
   #    score  bias  c-Evalue  i-Evalue hmmfrom  hmm to    alifrom  ali to    envfrom  env to     acc
 ---   ------ ----- --------- --------- ------- -------    ------- -------    ------- -------    ----
   1 !  723.9   0.1  1.4e-219  7.3e-216      30     604 ..      41     646 ..       7     648 .. 0.91

>> coasm_bin.364::contig_19213_pilon_2814  
   #    score  bias  c-Evalue  i-Evalue hmmfrom  hmm to    alifrom  ali to    envfrom  env to     acc
 ---   ------ ----- --------- --------- ------- -------    ------- -------    ------- -------    ----
   1 !  720.9   1.6  1.2e-218    6e-215      11     604 ..      10     640 ..       1     642 [. 0.89

>> coasm_bin.213::contig_58971_pilon_22  
   #    score  bias  c-Evalue  i-Evalue hmmfrom  hmm to    alifrom  ali to    envfrom  env to     acc
 ---   ------ ----- --------- --------- ------- -------    ------- -------    ------- -------    ----
   1 !  721.5   0.9  7.8e-219    4e-215       9     604 ..       7     636 ..       1     638 [. 0.90

>> coasm_bin.441::contig_4727_pilon_626  
   #    score  bias  c-Evalue  i-Evalue hmmfrom  hmm to    alifrom  ali to    envfrom  env to     acc
 ---   ------ ----- --------- --------- ------- -------    ------- -------    ------- -------    ----
   1 !  720.1   0.1    2e-218    1e-214      19     604 ..      20     638 ..       1     640 [. 0.89

>> CAN_4_bin.208::contig_17884_pilon_32  
   #    score  bias  c-Evalue  i-Evalue hmmfrom  hmm to    alifrom  ali to    envfrom  env to     acc
 ---   ------ ----- --------- --------- ------- -------    ------- -------    ------- -------    ----
   1 !  723.1   0.1  2.5e-219  1.3e-215      30     604 ..      41     646 ..       7     648 .. 0.91

>> coasm_bin.322::contig_29718_pilon_39  
   #    score  bias  c-Evalue  i-Evalue hmmfrom  hmm to    alifrom  ali to    envfrom  env to     acc
 ---   ------ ----- --------- --------- ------- -------    ------- -------    ------- -------    ----
   1 !  717.9   1.0  9.2e-218  4.8e-214      10     604 ..      10     640 ..       1     642 [. 0.88

>> coasm_bin.347::contig_35836_pilon_87  
   #    score  bias  c-Evalue  i-Evalue hmmfrom  hmm to    alifrom  ali to    envfrom  env to     acc
 ---   ------ ----- --------- --------- ------- -------    ------- -------    ------- -------    ----
   1 !  720.7   0.1  1.3e-218    7e-215      30     604 ..      41     646 ..      17     648 .. 0.91

>> coasm_bin.61::contig_58584_pilon_368  
   #    score  bias  c-Evalue  i-Evalue hmmfrom  hmm to    alifrom  ali to    envfrom  env to     acc
 ---   ------ ----- --------- --------- ------- -------    ------- -------    ------- -------    ----
   1 !  717.8   0.3    1e-217  5.3e-214      12     604 ..      14     641 ..       1     643 [. 0.88

>> coasm_bin.256::contig_59740_pilon_16  
   #    score  bias  c-Evalue  i-Evalue hmmfrom  hmm to    alifrom  ali to    envfrom  env to     acc
 ---   ------ ----- --------- --------- ------- -------    ------- -------    ------- -------    ----
   1 !  720.5   0.1  1.6e-218  8.2e-215      31     604 ..      38     642 ..       8     644 .. 0.91

>> coasm_bin.286::contig_58492_pilon_78  
   #    score  bias  c-Evalue  i-Evalue hmmfrom  hmm to    alifrom  ali to    envfrom  env to     acc
 ---   ------ ----- --------- --------- ------- -------    ------- -------    ------- -------    ----
   1 !  717.0   0.1  1.8e-217  9.3e-214      29     604 ..      30     641 ..       1     643 [. 0.89

>> coasm_bin.548::contig_32964_pilon_9  
   #    score  bias  c-Evalue  i-Evalue hmmfrom  hmm to    alifrom  ali to    envfrom  env to     acc
 ---   ------ ----- --------- --------- ------- -------    ------- -------    ------- -------    ----
   1 !  716.7   0.4  2.2e-217  1.1e-213      13     604 ..      16     644 ..       1     646 [. 0.88

>> CAN_3_bin.205::contig_22111_pilon_186  
   #    score  bias  c-Evalue  i-Evalue hmmfrom  hmm to    alifrom  ali to    envfrom  env to     acc
 ---   ------ ----- --------- --------- ------- -------    ------- -------    ------- -------    ----
   1 !  716.9   0.1  1.9e-217  9.6e-214      26     604 ..      29     642 ..       3     644 .. 0.89

>> CAN_5_bin.145::contig_6625_pilon_1497  
   #    score  bias  c-Evalue  i-Evalue hmmfrom  hmm to    alifrom  ali to    envfrom  env to     acc
 ---   ------ ----- --------- --------- ------- -------    ------- -------    ------- -------    ----
   1 !  716.7   0.3  2.2e-217  1.1e-213      28     604 ..      28     641 ..       2     643 .. 0.89

>> coasm_bin.521::contig_25474_pilon_11  
   #    score  bias  c-Evalue  i-Evalue hmmfrom  hmm to    alifrom  ali to    envfrom  env to     acc
 ---   ------ ----- --------- --------- ------- -------    ------- -------    ------- -------    ----
   1 !  717.5   2.0  1.3e-217  6.7e-214      26     605 ..      27     642 ..       1     643 [. 0.88

>> coasm_bin.185::contig_2971_pilon_19  
   #    score  bias  c-Evalue  i-Evalue hmmfrom  hmm to    alifrom  ali to    envfrom  env to     acc
 ---   ------ ----- --------- --------- ------- -------    ------- -------    ------- -------    ----
   1 !  719.3   0.1  3.7e-218  1.9e-214      30     604 ..      41     646 ..      18     648 .. 0.91

>> CAN_5_bin.167::contig_5668_pilon_28  
   #    score  bias  c-Evalue  i-Evalue hmmfrom  hmm to    alifrom  ali to    envfrom  env to     acc
 ---   ------ ----- --------- --------- ------- -------    ------- -------    ------- -------    ----
   1 !  715.2   0.5  6.1e-217  3.2e-213      14     605 ..      32     657 ..      20     658 .. 0.90

>> coasm_bin.529::contig_46596_pilon_7  
   #    score  bias  c-Evalue  i-Evalue hmmfrom  hmm to    alifrom  ali to    envfrom  env to     acc
 ---   ------ ----- --------- --------- ------- -------    ------- -------    ------- -------    ----
   1 !  717.8   0.0    1e-217  5.4e-214      31     604 ..      42     646 ..      21     648 .. 0.92

>> CAN_5_bin.70::contig_4019_pilon_50  
   #    score  bias  c-Evalue  i-Evalue hmmfrom  hmm to    alifrom  ali to    envfrom  env to     acc
 ---   ------ ----- --------- --------- ------- -------    ------- -------    ------- -------    ----
   1 !  717.8   0.0    1e-217  5.4e-214      30     604 ..      37     642 ..       6     644 .. 0.91

>> coasm_bin.214::contig_35828_pilon_32  
   #    score  bias  c-Evalue  i-Evalue hmmfrom  hmm to    alifrom  ali to    envfrom  env to     acc
 ---   ------ ----- --------- --------- ------- -------    ------- -------    ------- -------    ----
   1 !  717.6   0.1  1.2e-217  6.2e-214      31     604 ..      41     645 ..      14     647 .. 0.91

>> CAN_4_bin.64::contig_20493_pilon_18  
   #    score  bias  c-Evalue  i-Evalue hmmfrom  hmm to    alifrom  ali to    envfrom  env to     acc
 ---   ------ ----- --------- --------- ------- -------    ------- -------    ------- -------    ----
   1 !  717.2   0.2  1.6e-217  8.1e-214      30     604 ..      41     646 ..      14     648 .. 0.91

>> CAN_5_bin.112::contig_1439_pilon_1024  
   #    score  bias  c-Evalue  i-Evalue hmmfrom  hmm to    alifrom  ali to    envfrom  env to     acc
 ---   ------ ----- --------- --------- ------- -------    ------- -------    ------- -------    ----
   1 !  713.6   0.8  1.9e-216  9.6e-213      12     604 ..      14     639 ..       1     641 [. 0.88

>> CAN_1_bin.77::contig_25145_pilon_497  
   #    score  bias  c-Evalue  i-Evalue hmmfrom  hmm to    alifrom  ali to    envfrom  env to     acc
 ---   ------ ----- --------- --------- ------- -------    ------- -------    ------- -------    ----
   1 !  716.3   0.0    3e-217  1.5e-213      30     604 ..      41     621 ..      20     622 .. 0.95

>> coasm_bin.466::contig_31330_pilon_46  
   #    score  bias  c-Evalue  i-Evalue hmmfrom  hmm to    alifrom  ali to    envfrom  env to     acc
 ---   ------ ----- --------- --------- ------- -------    ------- -------    ------- -------    ----
   1 !  713.8   0.5  1.6e-216  8.6e-213      13     605 ..      31     657 ..      21     658 .. 0.89

>> CAN_4_bin.112::contig_21500_pilon_89  
   #    score  bias  c-Evalue  i-Evalue hmmfrom  hmm to    alifrom  ali to    envfrom  env to     acc
 ---   ------ ----- --------- --------- ------- -------    ------- -------    ------- -------    ----
   1 !  713.0   2.7  2.8e-216  1.5e-212      21     604 ..      22     640 ..       1     642 [. 0.88

>> coasm_bin.114::contig_18801_pilon_28  
   #    score  bias  c-Evalue  i-Evalue hmmfrom  hmm to    alifrom  ali to    envfrom  env to     acc
 ---   ------ ----- --------- --------- ------- -------    ------- -------    ------- -------    ----
   1 !  712.1   0.7  5.2e-216  2.7e-212      23     604 ..      25     641 ..       2     643 .. 0.89

>> CAN_4_bin.197::contig_3417_pilon_221  
   #    score  bias  c-Evalue  i-Evalue hmmfrom  hmm to    alifrom  ali to    envfrom  env to     acc
 ---   ------ ----- --------- --------- ------- -------    ------- -------    ------- -------    ----
   1 !  711.4   0.0    9e-216  4.7e-212      20     605 ..      21     640 ..       1     641 [. 0.89

>> CAN_4_bin.225::contig_21552_pilon_106  
   #    score  bias  c-Evalue  i-Evalue hmmfrom  hmm to    alifrom  ali to    envfrom  env to     acc
 ---   ------ ----- --------- --------- ------- -------    ------- -------    ------- -------    ----
   1 !  715.3   0.0    6e-217  3.1e-213      30     604 ..      31     636 ..       9     638 .. 0.91

>> coasm_bin.314::contig_41358_pilon_112  
   #    score  bias  c-Evalue  i-Evalue hmmfrom  hmm to    alifrom  ali to    envfrom  env to     acc
 ---   ------ ----- --------- --------- ------- -------    ------- -------    ------- -------    ----
   1 !  711.7   1.2    7e-216  3.6e-212      15     604 ..       5     630 ..       1     632 [. 0.89

>> CAN_4_bin.195::contig_4623_pilon_4  
   #    score  bias  c-Evalue  i-Evalue hmmfrom  hmm to    alifrom  ali to    envfrom  env to     acc
 ---   ------ ----- --------- --------- ------- -------    ------- -------    ------- -------    ----
   1 !  714.6   0.0  9.4e-217  4.9e-213      31     604 ..      38     642 ..       8     644 .. 0.91

>> coasm_bin.15::contig_19815_pilon_110  
   #    score  bias  c-Evalue  i-Evalue hmmfrom  hmm to    alifrom  ali to    envfrom  env to     acc
 ---   ------ ----- --------- --------- ------- -------    ------- -------    ------- -------    ----
   1 !  714.4   0.1  1.1e-216  5.6e-213      31     604 ..      41     645 ..      10     647 .. 0.91

>> coasm_bin.142::contig_61138_pilon_124  
   #    score  bias  c-Evalue  i-Evalue hmmfrom  hmm to    alifrom  ali to    envfrom  env to     acc
 ---   ------ ----- --------- --------- ------- -------    ------- -------    ------- -------    ----
   1 !  711.5   0.3    8e-216  4.2e-212       6     605 ..       6     644 ..       1     645 [. 0.88

>> CAN_1_bin.98::contig_1207_pilon_2398  
   #    score  bias  c-Evalue  i-Evalue hmmfrom  hmm to    alifrom  ali to    envfrom  env to     acc
 ---   ------ ----- --------- --------- ------- -------    ------- -------    ------- -------    ----
   1 !  714.3   0.1  1.2e-216    6e-213      30     604 ..      31     636 ..       9     638 .. 0.91

>> coasm_bin.482::contig_44997_pilon_2269  
   #    score  bias  c-Evalue  i-Evalue hmmfrom  hmm to    alifrom  ali to    envfrom  env to     acc
 ---   ------ ----- --------- --------- ------- -------    ------- -------    ------- -------    ----
   1 !  711.1   0.4  1.1e-215  5.5e-212      29     604 ..      29     638 ..       6     640 .. 0.89

>> coasm_bin.40::contig_7814_pilon_986  
   #    score  bias  c-Evalue  i-Evalue hmmfrom  hmm to    alifrom  ali to    envfrom  env to     acc
 ---   ------ ----- --------- --------- ------- -------    ------- -------    ------- -------    ----
   1 !  710.4   1.6  1.8e-215  9.1e-212      11     604 ..      11     640 ..       1     642 [. 0.88

>> CAN_4_bin.238::contig_21236_pilon_101  
   #    score  bias  c-Evalue  i-Evalue hmmfrom  hmm to    alifrom  ali to    envfrom  env to     acc
 ---   ------ ----- --------- --------- ------- -------    ------- -------    ------- -------    ----
   1 !  710.1   0.1  2.1e-215  1.1e-211      26     604 ..      31     644 ..       1     646 [. 0.88

>> coasm_bin.425::contig_59333_pilon_2525  
   #    score  bias  c-Evalue  i-Evalue hmmfrom  hmm to    alifrom  ali to    envfrom  env to     acc
 ---   ------ ----- --------- --------- ------- -------    ------- -------    ------- -------    ----
   1 !  710.7   0.0  1.4e-215  7.3e-212      16     604 ..      22     643 ..       8     645 .. 0.90

>> CAN_3_bin.227::contig_9094_pilon_1029  
   #    score  bias  c-Evalue  i-Evalue hmmfrom  hmm to    alifrom  ali to    envfrom  env to     acc
 ---   ------ ----- --------- --------- ------- -------    ------- -------    ------- -------    ----
   1 !  709.3   0.3  3.7e-215  1.9e-211      11     604 ..      13     640 ..       1     642 [. 0.89

>> CAN_3_bin.221::contig_3232_pilon_3118  
   #    score  bias  c-Evalue  i-Evalue hmmfrom  hmm to    alifrom  ali to    envfrom  env to     acc
 ---   ------ ----- --------- --------- ------- -------    ------- -------    ------- -------    ----
   1 !  709.3   1.4  3.8e-215    2e-211      20     605 ..      43     662 ..      27     663 .. 0.90

>> coasm_bin.121::contig_26880_pilon_58  
   #    score  bias  c-Evalue  i-Evalue hmmfrom  hmm to    alifrom  ali to    envfrom  env to     acc
 ---   ------ ----- --------- --------- ------- -------    ------- -------    ------- -------    ----
   1 !  708.1   2.2  8.5e-215  4.4e-211      12     604 ..      14     641 ..       1     643 [. 0.88

>> coasm_bin.156::contig_12794_pilon_700  
   #    score  bias  c-Evalue  i-Evalue hmmfrom  hmm to    alifrom  ali to    envfrom  env to     acc
 ---   ------ ----- --------- --------- ------- -------    ------- -------    ------- -------    ----
   1 !  706.7   0.0  2.3e-214  1.2e-210      14     604 ..      14     638 ..       1     640 [. 0.88

>> coasm_bin.132::contig_13513_pilon_2146  
   #    score  bias  c-Evalue  i-Evalue hmmfrom  hmm to    alifrom  ali to    envfrom  env to     acc
 ---   ------ ----- --------- --------- ------- -------    ------- -------    ------- -------    ----
   1 !  707.0   0.0  1.9e-214  9.7e-211      22     604 ..      17     634 ..       2     636 .. 0.89

>> coasm_bin.53::contig_7194_pilon_472  
   #    score  bias  c-Evalue  i-Evalue hmmfrom  hmm to    alifrom  ali to    envfrom  env to     acc
 ---   ------ ----- --------- --------- ------- -------    ------- -------    ------- -------    ----
   1 !  705.1   0.4    7e-214  3.6e-210       6     604 ..       6     642 ..       1     644 [. 0.89

>> coasm_bin.348::contig_6311_pilon_1621  
   #    score  bias  c-Evalue  i-Evalue hmmfrom  hmm to    alifrom  ali to    envfrom  env to     acc
 ---   ------ ----- --------- --------- ------- -------    ------- -------    ------- -------    ----
   1 !  706.4   0.0  2.8e-214  1.4e-210      29     604 ..      35     640 ..       4     642 .. 0.91

>> coasm_bin.259::contig_53215_pilon_5  
   #    score  bias  c-Evalue  i-Evalue hmmfrom  hmm to    alifrom  ali to    envfrom  env to     acc
 ---   ------ ----- --------- --------- ------- -------    ------- -------    ------- -------    ----
   1 !  703.2   0.7  2.6e-213  1.4e-209       9     604 ..      11     639 ..       1     641 [. 0.88

>> coasm_bin.579::contig_15826_pilon_2350  
   #    score  bias  c-Evalue  i-Evalue hmmfrom  hmm to    alifrom  ali to    envfrom  env to     acc
 ---   ------ ----- --------- --------- ------- -------    ------- -------    ------- -------    ----
   1 !  703.0   0.0  3.1e-213  1.6e-209      24     605 ..      24     642 ..       2     643 .. 0.89

>> CAN_5_bin.147::contig_1541_pilon_2526  
   #    score  bias  c-Evalue  i-Evalue hmmfrom  hmm to    alifrom  ali to    envfrom  env to     acc
 ---   ------ ----- --------- --------- ------- -------    ------- -------    ------- -------    ----
   1 !  702.3   0.2  5.1e-213  2.7e-209      12     604 ..      16     642 ..       4     644 .. 0.89

>> CAN_4_bin.220::contig_7059_pilon_154  
   #    score  bias  c-Evalue  i-Evalue hmmfrom  hmm to    alifrom  ali to    envfrom  env to     acc
 ---   ------ ----- --------- --------- ------- -------    ------- -------    ------- -------    ----
   1 !  700.7   0.0  1.6e-212  8.2e-209      31     604 ..      38     641 ..      12     643 .. 0.92

>> CAN_3_bin.203::contig_7512_pilon_153  
   #    score  bias  c-Evalue  i-Evalue hmmfrom  hmm to    alifrom  ali to    envfrom  env to     acc
 ---   ------ ----- --------- --------- ------- -------    ------- -------    ------- -------    ----
   1 !  700.5   0.0  1.7e-212    9e-209      29     604 ..      36     641 ..       9     643 .. 0.91

>> coasm_bin.196::contig_50271_pilon_45  
   #    score  bias  c-Evalue  i-Evalue hmmfrom  hmm to    alifrom  ali to    envfrom  env to     acc
 ---   ------ ----- --------- --------- ------- -------    ------- -------    ------- -------    ----
   1 !  698.5   0.0  7.2e-212  3.7e-208      32     604 ..      39     641 ..       9     643 .. 0.92

>> coasm_bin.484::contig_5704_pilon_500  
   #    score  bias  c-Evalue  i-Evalue hmmfrom  hmm to    alifrom  ali to    envfrom  env to     acc
 ---   ------ ----- --------- --------- ------- -------    ------- -------    ------- -------    ----
   1 !  698.1   0.0  9.4e-212  4.9e-208      29     604 ..      37     642 ..      10     644 .. 0.91

>> coasm_bin.183::contig_62262_pilon_19  
   #    score  bias  c-Evalue  i-Evalue hmmfrom  hmm to    alifrom  ali to    envfrom  env to     acc
 ---   ------ ----- --------- --------- ------- -------    ------- -------    ------- -------    ----
   1 !  693.5   0.0  2.3e-210  1.2e-206      29     604 ..      35     644 ..       9     646 .. 0.90

>> coasm_bin.551::contig_19342_pilon_401  
   #    score  bias  c-Evalue  i-Evalue hmmfrom  hmm to    alifrom  ali to    envfrom  env to     acc
 ---   ------ ----- --------- --------- ------- -------    ------- -------    ------- -------    ----
   1 !  694.9   0.0  8.9e-211  4.6e-207      25     604 ..      27     641 ..       1     643 [. 0.89

>> coasm_bin.373::contig_12727_pilon_277  
   #    score  bias  c-Evalue  i-Evalue hmmfrom  hmm to    alifrom  ali to    envfrom  env to     acc
 ---   ------ ----- --------- --------- ------- -------    ------- -------    ------- -------    ----
   1 !  694.4   2.3  1.2e-210  6.3e-207      29     604 ..      33     643 ..      10     645 .. 0.90

>> CAN_2_bin.66::contig_18307_pilon_26  
   #    score  bias  c-Evalue  i-Evalue hmmfrom  hmm to    alifrom  ali to    envfrom  env to     acc
 ---   ------ ----- --------- --------- ------- -------    ------- -------    ------- -------    ----
   1 !  690.9   0.1  1.4e-209  7.2e-206      26     604 ..      36     630 ..      13     632 .. 0.93

>> coasm_bin.468::contig_39176_pilon_14  
   #    score  bias  c-Evalue  i-Evalue hmmfrom  hmm to    alifrom  ali to    envfrom  env to     acc
 ---   ------ ----- --------- --------- ------- -------    ------- -------    ------- -------    ----
   1 !  690.9   0.1  1.4e-209  7.2e-206      26     604 ..      36     630 ..      13     632 .. 0.93

>> CAN_5_bin.62::contig_18830_pilon_29  
   #    score  bias  c-Evalue  i-Evalue hmmfrom  hmm to    alifrom  ali to    envfrom  env to     acc
 ---   ------ ----- --------- --------- ------- -------    ------- -------    ------- -------    ----
   1 !  684.7   0.0  1.1e-207  5.5e-204      32     604 ..      60     668 ..      46     670 .. 0.90

>> coasm_bin.578::contig_21031_pilon_2035  
   #    score  bias  c-Evalue  i-Evalue hmmfrom  hmm to    alifrom  ali to    envfrom  env to     acc
 ---   ------ ----- --------- --------- ------- -------    ------- -------    ------- -------    ----
   1 !  681.2   0.0  1.2e-206  6.4e-203       6     604 ..       4     619 ..       1     621 [. 0.93

>> coasm_bin.47::contig_12371_pilon_26  
   #    score  bias  c-Evalue  i-Evalue hmmfrom  hmm to    alifrom  ali to    envfrom  env to     acc
 ---   ------ ----- --------- --------- ------- -------    ------- -------    ------- -------    ----
   1 !  680.7   0.0  1.8e-206  9.2e-203      30     603 ..      46     662 ..      24     662 .. 0.90

>> coasm_bin.10::contig_6075_pilon_612  
   #    score  bias  c-Evalue  i-Evalue hmmfrom  hmm to    alifrom  ali to    envfrom  env to     acc
 ---   ------ ----- --------- --------- ------- -------    ------- -------    ------- -------    ----
   1 !  676.4   0.0  3.4e-205  1.8e-201      35     603 ..      63     673 ..      38     674 .. 0.91

>> coasm_bin.543::contig_11244_pilon_1690  
   #    score  bias  c-Evalue  i-Evalue hmmfrom  hmm to    alifrom  ali to    envfrom  env to     acc
 ---   ------ ----- --------- --------- ------- -------    ------- -------    ------- -------    ----
   1 !  673.7   0.0  2.3e-204  1.2e-200      31     603 ..      50     664 ..      33     664 .. 0.90

>> coasm_bin.481::contig_7991_pilon_176  
   #    score  bias  c-Evalue  i-Evalue hmmfrom  hmm to    alifrom  ali to    envfrom  env to     acc
 ---   ------ ----- --------- --------- ------- -------    ------- -------    ------- -------    ----
   1 !  673.4   0.0  2.9e-204  1.5e-200      35     603 ..      67     677 ..      44     677 .. 0.91

>> coasm_bin.260::contig_9348_pilon_468  
   #    score  bias  c-Evalue  i-Evalue hmmfrom  hmm to    alifrom  ali to    envfrom  env to     acc
 ---   ------ ----- --------- --------- ------- -------    ------- -------    ------- -------    ----
   1 !  673.0   0.0  3.6e-204  1.9e-200      32     603 ..      52     658 ..      32     658 .. 0.90

>> coasm_bin.139::contig_59195_pilon_24  
   #    score  bias  c-Evalue  i-Evalue hmmfrom  hmm to    alifrom  ali to    envfrom  env to     acc
 ---   ------ ----- --------- --------- ------- -------    ------- -------    ------- -------    ----
   1 !  670.9   0.0  1.6e-203  8.5e-200      22     604 ..      44     654 ..      35     654 .. 0.91

>> coasm_bin.350::contig_11599_pilon_64  
   #    score  bias  c-Evalue  i-Evalue hmmfrom  hmm to    alifrom  ali to    envfrom  env to     acc
 ---   ------ ----- --------- --------- ------- -------    ------- -------    ------- -------    ----
   1 !  657.3   0.0  2.1e-199  1.1e-195      32     604 ..      81     695 ..      52     697 .. 0.90

>> coasm_bin.313::contig_33514_pilon_14  
   #    score  bias  c-Evalue  i-Evalue hmmfrom  hmm to    alifrom  ali to    envfrom  env to     acc
 ---   ------ ----- --------- --------- ------- -------    ------- -------    ------- -------    ----
   1 !  653.9   0.0  2.2e-198  1.2e-194      32     603 ..      54     663 ..      30     664 .. 0.90

>> coasm_bin.153::contig_9947_pilon_216  
   #    score  bias  c-Evalue  i-Evalue hmmfrom  hmm to    alifrom  ali to    envfrom  env to     acc
 ---   ------ ----- --------- --------- ------- -------    ------- -------    ------- -------    ----
   1 !  650.6   0.0  2.3e-197  1.2e-193      33     604 ..      73     686 ..      45     688 .. 0.90

>> coasm_bin.358::contig_30729_pilon_20  
   #    score  bias  c-Evalue  i-Evalue hmmfrom  hmm to    alifrom  ali to    envfrom  env to     acc
 ---   ------ ----- --------- --------- ------- -------    ------- -------    ------- -------    ----
   1 !  649.2   0.0  5.9e-197    3e-193      34     604 ..      73     685 ..      49     687 .. 0.91

>> coasm_bin.320::contig_53505_pilon_10  
   #    score  bias  c-Evalue  i-Evalue hmmfrom  hmm to    alifrom  ali to    envfrom  env to     acc
 ---   ------ ----- --------- --------- ------- -------    ------- -------    ------- -------    ----
   1 !  648.4   0.0  1.1e-196  5.5e-193      36     604 ..       3     611 ..       1     612 [. 0.91

>> coasm_bin.54::contig_32379_pilon_41  
   #    score  bias  c-Evalue  i-Evalue hmmfrom  hmm to    alifrom  ali to    envfrom  env to     acc
 ---   ------ ----- --------- --------- ------- -------    ------- -------    ------- -------    ----
   1 !  645.4   0.0  8.4e-196  4.4e-192      36     604 ..      72     682 ..      52     684 .. 0.90

>> CAN_4_bin.103::contig_5654_pilon_2657  
   #    score  bias  c-Evalue  i-Evalue hmmfrom  hmm to    alifrom  ali to    envfrom  env to     acc
 ---   ------ ----- --------- --------- ------- -------    ------- -------    ------- -------    ----
   1 !  641.8   0.0  1.1e-194  5.6e-191      32     603 ..      52     661 ..      36     662 .. 0.90

>> coasm_bin.110::contig_52774_pilon_1  
   #    score  bias  c-Evalue  i-Evalue hmmfrom  hmm to    alifrom  ali to    envfrom  env to     acc
 ---   ------ ----- --------- --------- ------- -------    ------- -------    ------- -------    ----
   1 !  623.1   0.1  4.7e-189  2.4e-185      12     580 ..      18     621 .]       9     621 .] 0.89

>> coasm_bin.246::contig_10496_pilon_27  
   #    score  bias  c-Evalue  i-Evalue hmmfrom  hmm to    alifrom  ali to    envfrom  env to     acc
 ---   ------ ----- --------- --------- ------- -------    ------- -------    ------- -------    ----
   1 !  624.2   0.1  2.2e-189  1.1e-185     101     604 ..      24     553 ..      15     555 .. 0.92

>> CAN_4_bin.107::contig_15383_pilon_41  
   #    score  bias  c-Evalue  i-Evalue hmmfrom  hmm to    alifrom  ali to    envfrom  env to     acc
 ---   ------ ----- --------- --------- ------- -------    ------- -------    ------- -------    ----
   1 !  614.3   0.0  2.2e-186  1.1e-182      32     571 ..      60     635 ..      47     636 .. 0.90

>> coasm_bin.105::contig_51181_pilon_21  
   #    score  bias  c-Evalue  i-Evalue hmmfrom  hmm to    alifrom  ali to    envfrom  env to     acc
 ---   ------ ----- --------- --------- ------- -------    ------- -------    ------- -------    ----
   1 !  598.8   0.3  1.1e-181  5.7e-178     142     605 ..       1     473 [.       1     474 [. 0.94

>> coasm_bin.318::contig_59797_pilon_27  
   #    score  bias  c-Evalue  i-Evalue hmmfrom  hmm to    alifrom  ali to    envfrom  env to     acc
 ---   ------ ----- --------- --------- ------- -------    ------- -------    ------- -------    ----
   1 !  524.5   0.0  3.3e-159  1.7e-155      29     447 ..      40     472 ..      16     472 .. 0.93

>> CAN_2_bin.173::contig_18343_pilon_116  
   #    score  bias  c-Evalue  i-Evalue hmmfrom  hmm to    alifrom  ali to    envfrom  env to     acc
 ---   ------ ----- --------- --------- ------- -------    ------- -------    ------- -------    ----
   1 !  514.7   0.0  3.2e-156  1.7e-152      28     434 ..      55     486 ..      37     490 .. 0.90

>> coasm_bin.492::contig_42928_pilon_23  
   #    score  bias  c-Evalue  i-Evalue hmmfrom  hmm to    alifrom  ali to    envfrom  env to     acc
 ---   ------ ----- --------- --------- ------- -------    ------- -------    ------- -------    ----
   1 !  496.9   0.3  7.9e-151  4.1e-147      23     439 ..      27     481 ..       7     485 .. 0.87

>> coasm_bin.178::contig_12716_pilon_115  
   #    score  bias  c-Evalue  i-Evalue hmmfrom  hmm to    alifrom  ali to    envfrom  env to     acc
 ---   ------ ----- --------- --------- ------- -------    ------- -------    ------- -------    ----
   1 !  423.4   0.1  1.4e-128  7.3e-125     287     604 ..       5     331 ..       1     333 [. 0.94

>> coasm_bin.181::contig_53337_pilon_13  
   #    score  bias  c-Evalue  i-Evalue hmmfrom  hmm to    alifrom  ali to    envfrom  env to     acc
 ---   ------ ----- --------- --------- ------- -------    ------- -------    ------- -------    ----
   1 !  373.0   0.0  2.6e-113  1.3e-109     249     579 ..       1     340 [.       1     343 [. 0.93

>> coasm_bin.246::contig_10496_pilon_23  
   #    score  bias  c-Evalue  i-Evalue hmmfrom  hmm to    alifrom  ali to    envfrom  env to     acc
 ---   ------ ----- --------- --------- ------- -------    ------- -------    ------- -------    ----
   1 !  372.1   0.4  4.8e-113  2.5e-109     342     604 ..       1     261 [.       1     263 [. 0.96

>> coasm_bin.238::contig_15862_pilon_90  
   #    score  bias  c-Evalue  i-Evalue hmmfrom  hmm to    alifrom  ali to    envfrom  env to     acc
 ---   ------ ----- --------- --------- ------- -------    ------- -------    ------- -------    ----
   1 !  358.6   0.0  5.9e-109  3.1e-105     350     604 ..       6     256 ..       1     258 [. 0.96

>> coasm_bin.181::contig_12380_pilon_16  
   #    score  bias  c-Evalue  i-Evalue hmmfrom  hmm to    alifrom  ali to    envfrom  env to     acc
 ---   ------ ----- --------- --------- ------- -------    ------- -------    ------- -------    ----
   1 !  355.4   0.0  5.3e-108  2.8e-104     314     603 ..       1     302 [.       1     302 [. 0.93

>> coasm_bin.238::contig_15862_pilon_89  
   #    score  bias  c-Evalue  i-Evalue hmmfrom  hmm to    alifrom  ali to    envfrom  env to     acc
 ---   ------ ----- --------- --------- ------- -------    ------- -------    ------- -------    ----
   1 !  313.3   0.3     3e-95   1.5e-91      17     313 ..      23     345 ..      10     350 .. 0.84

>> coasm_bin.181::contig_12380_pilon_17  
   #    score  bias  c-Evalue  i-Evalue hmmfrom  hmm to    alifrom  ali to    envfrom  env to     acc
 ---   ------ ----- --------- --------- ------- -------    ------- -------    ------- -------    ----
   1 !  259.7   0.0     5e-79   2.6e-75      31     299 ..      52     342 ..      27     346 .. 0.86

>> coasm_bin.362::contig_46179_pilon_25  
   #    score  bias  c-Evalue  i-Evalue hmmfrom  hmm to    alifrom  ali to    envfrom  env to     acc
 ---   ------ ----- --------- --------- ------- -------    ------- -------    ------- -------    ----
   1 !  241.2   0.1   2.1e-73   1.1e-69      33     239 ..      35     252 ..       2     255 .] 0.89

>> coasm_bin.393::contig_62164_pilon_22  
   #    score  bias  c-Evalue  i-Evalue hmmfrom  hmm to    alifrom  ali to    envfrom  env to     acc
 ---   ------ ----- --------- --------- ------- -------    ------- -------    ------- -------    ----
   1 !  234.3   3.1   2.6e-71   1.3e-67     102     322 ..       4     250 ..       1     260 [. 0.86

>> coasm_bin.312::contig_62613_pilon_69  
   #    score  bias  c-Evalue  i-Evalue hmmfrom  hmm to    alifrom  ali to    envfrom  env to     acc
 ---   ------ ----- --------- --------- ------- -------    ------- -------    ------- -------    ----
   1 !  214.2   0.0   3.1e-65   1.6e-61     421     605 ..       7     187 ..       2     188 .. 0.94

>> coasm_bin.312::contig_62613_pilon_71  
   #    score  bias  c-Evalue  i-Evalue hmmfrom  hmm to    alifrom  ali to    envfrom  env to     acc
 ---   ------ ----- --------- --------- ------- -------    ------- -------    ------- -------    ----
   1 !  202.9   0.0   7.8e-62   4.1e-58      28     184 ..      33     191 ..       8     205 .. 0.88

>> coasm_bin.312::contig_62613_pilon_70  
   #    score  bias  c-Evalue  i-Evalue hmmfrom  hmm to    alifrom  ali to    envfrom  env to     acc
 ---   ------ ----- --------- --------- ------- -------    ------- -------    ------- -------    ----
   1 !  163.3   0.0   7.7e-50     4e-46     212     378 ..       5     200 ..       2     200 .. 0.84

>> coasm_bin.203::contig_44546_pilon_7  
   #    score  bias  c-Evalue  i-Evalue hmmfrom  hmm to    alifrom  ali to    envfrom  env to     acc
 ---   ------ ----- --------- --------- ------- -------    ------- -------    ------- -------    ----
   1 !  166.9   0.0   6.5e-51   3.4e-47      16     161 ..       9     155 ..       1     156 [] 0.87

>> coasm_bin.318::contig_59797_pilon_28  
   #    score  bias  c-Evalue  i-Evalue hmmfrom  hmm to    alifrom  ali to    envfrom  env to     acc
 ---   ------ ----- --------- --------- ------- -------    ------- -------    ------- -------    ----
   1 !  163.7   0.3   6.1e-50   3.2e-46     464     604 ..       1     133 [.       1     134 [. 0.98

>> coasm_bin.393::contig_62164_pilon_24  
   #    score  bias  c-Evalue  i-Evalue hmmfrom  hmm to    alifrom  ali to    envfrom  env to     acc
 ---   ------ ----- --------- --------- ------- -------    ------- -------    ------- -------    ----
   1 !  128.2   0.0   3.4e-39   1.8e-35     363     449 ..       2      88 ..       1      90 [. 0.97

>> coasm_bin.393::contig_62164_pilon_25  
   #    score  bias  c-Evalue  i-Evalue hmmfrom  hmm to    alifrom  ali to    envfrom  env to     acc
 ---   ------ ----- --------- --------- ------- -------    ------- -------    ------- -------    ----
   1 !  124.4   0.0   4.7e-38   2.4e-34     514     605 ..       1      94 [.       1      95 [. 0.95

>> coasm_bin.492::contig_42928_pilon_24  
   #    score  bias  c-Evalue  i-Evalue hmmfrom  hmm to    alifrom  ali to    envfrom  env to     acc
 ---   ------ ----- --------- --------- ------- -------    ------- -------    ------- -------    ----
   1 !  117.8   0.1   4.8e-36   2.5e-32     447     577 ..       1     127 [.       1     132 [. 0.90

>> coasm_bin.178::contig_12716_pilon_116  
   #    score  bias  c-Evalue  i-Evalue hmmfrom  hmm to    alifrom  ali to    envfrom  env to     acc
 ---   ------ ----- --------- --------- ------- -------    ------- -------    ------- -------    ----
   1 !   97.8   0.0   5.5e-30   2.9e-26      33     121 ..      10     104 ..       2     105 .. 0.86

>> CAN_2_bin.173::contig_18343_pilon_115  
   #    score  bias  c-Evalue  i-Evalue hmmfrom  hmm to    alifrom  ali to    envfrom  env to     acc
 ---   ------ ----- --------- --------- ------- -------    ------- -------    ------- -------    ----
   1 !   96.1   0.0   1.7e-29   8.8e-26     452     564 ..       3     105 ..       1     113 [. 0.92

>> coasm_bin.393::contig_62164_pilon_21  
   #    score  bias  c-Evalue  i-Evalue hmmfrom  hmm to    alifrom  ali to    envfrom  env to     acc
 ---   ------ ----- --------- --------- ------- -------    ------- -------    ------- -------    ----
   1 !   91.1   0.0   5.7e-28   2.9e-24      25      98 ..      16      89 ..       1      97 [. 0.82

>> CAN_1_bin.84::contig_959_pilon_1711  
   #    score  bias  c-Evalue  i-Evalue hmmfrom  hmm to    alifrom  ali to    envfrom  env to     acc
 ---   ------ ----- --------- --------- ------- -------    ------- -------    ------- -------    ----
   1 ?    2.5   0.0      0.39     2e+03     266     314 ..      36      82 ..      26      99 .. 0.68
   2 !   37.7   0.2   8.5e-12   4.4e-08     271     419 ..     125     253 ..     112     259 .. 0.84
   3 !   10.0   0.0    0.0021        11     273     332 ..     258     315 ..     242     326 .. 0.85
   4 !   17.2   0.2   1.4e-05     0.072     524     583 ..     570     637 ..     553     639 .. 0.75
   5 ?    4.8   0.0     0.075   3.9e+02     559     585 ..     760     786 ..     708     790 .. 0.87

>> coasm_bin.313::contig_32202_pilon_48  
   #    score  bias  c-Evalue  i-Evalue hmmfrom  hmm to    alifrom  ali to    envfrom  env to     acc
 ---   ------ ----- --------- --------- ------- -------    ------- -------    ------- -------    ----
   1 !   71.8   0.0   4.1e-22   2.1e-18     510     603 ..      31     120 ..      25     122 .. 0.93

>> coasm_bin.543::contig_11244_pilon_2944  
   #    score  bias  c-Evalue  i-Evalue hmmfrom  hmm to    alifrom  ali to    envfrom  env to     acc
 ---   ------ ----- --------- --------- ------- -------    ------- -------    ------- -------    ----
   1 !   70.9   0.0   7.6e-22     4e-18     508     603 ..      37     128 ..      27     130 .. 0.92

>> coasm_bin.540::contig_52041_pilon_15  
   #    score  bias  c-Evalue  i-Evalue hmmfrom  hmm to    alifrom  ali to    envfrom  env to     acc
 ---   ------ ----- --------- --------- ------- -------    ------- -------    ------- -------    ----
   1 !   70.4   0.1     1e-21   5.4e-18     513     603 ..      39     125 ..      30     127 .. 0.92

>> coasm_bin.92::contig_19574_pilon_826  
   #    score  bias  c-Evalue  i-Evalue hmmfrom  hmm to    alifrom  ali to    envfrom  env to     acc
 ---   ------ ----- --------- --------- ------- -------    ------- -------    ------- -------    ----
   1 !   67.3   0.1     9e-21   4.7e-17     508     603 ..      65     156 ..      55     156 .. 0.96

>> CAN_4_bin.62::contig_20278_pilon_12  
   #    score  bias  c-Evalue  i-Evalue hmmfrom  hmm to    alifrom  ali to    envfrom  env to     acc
 ---   ------ ----- --------- --------- ------- -------    ------- -------    ------- -------    ----
   1 !   67.0   0.0   1.1e-20   5.9e-17     506     604 ..      63     157 ..      41     158 .. 0.94

>> CAN_4_bin.11::contig_283_pilon_3197  
   #    score  bias  c-Evalue  i-Evalue hmmfrom  hmm to    alifrom  ali to    envfrom  env to     acc
 ---   ------ ----- --------- --------- ------- -------    ------- -------    ------- -------    ----
   1 !   66.3   0.0   1.8e-20   9.4e-17     513     602 ..      35     120 ..      27     123 .. 0.92

>> coasm_bin.481::contig_12275_pilon_166  
   #    score  bias  c-Evalue  i-Evalue hmmfrom  hmm to    alifrom  ali to    envfrom  env to     acc
 ---   ------ ----- --------- --------- ------- -------    ------- -------    ------- -------    ----
   1 !   66.1   0.1   2.1e-20   1.1e-16     510     603 ..      71     160 ..      66     160 .. 0.96

>> coasm_bin.181::contig_53337_pilon_14  
   #    score  bias  c-Evalue  i-Evalue hmmfrom  hmm to    alifrom  ali to    envfrom  env to     acc
 ---   ------ ----- --------- --------- ------- -------    ------- -------    ------- -------    ----
   1 !   65.7   0.0   2.7e-20   1.4e-16     140     237 ..      18     125 ..      16     135 .. 0.85

>> coasm_bin.543::contig_11244_pilon_2498  
   #    score  bias  c-Evalue  i-Evalue hmmfrom  hmm to    alifrom  ali to    envfrom  env to     acc
 ---   ------ ----- --------- --------- ------- -------    ------- -------    ------- -------    ----
   1 !   64.7   0.0   5.7e-20   2.9e-16     511     602 ..      29     116 ..      24     119 .. 0.93

>> CAN_5_bin.9::contig_6382_pilon_7  
   #    score  bias  c-Evalue  i-Evalue hmmfrom  hmm to    alifrom  ali to    envfrom  env to     acc
 ---   ------ ----- --------- --------- ------- -------    ------- -------    ------- -------    ----
   1 !   64.5   0.0   6.7e-20   3.5e-16     511     603 ..      33     121 ..      29     123 .. 0.95

>> coasm_bin.260::contig_20316_pilon_652  
   #    score  bias  c-Evalue  i-Evalue hmmfrom  hmm to    alifrom  ali to    envfrom  env to     acc
 ---   ------ ----- --------- --------- ------- -------    ------- -------    ------- -------    ----
   1 !   64.1   0.0   8.8e-20   4.6e-16     509     603 ..      37     127 ..      30     129 .. 0.94

>> coasm_bin.543::contig_11244_pilon_3241  
   #    score  bias  c-Evalue  i-Evalue hmmfrom  hmm to    alifrom  ali to    envfrom  env to     acc
 ---   ------ ----- --------- --------- ------- -------    ------- -------    ------- -------    ----
   1 !   61.7   0.0   4.5e-19   2.3e-15     511     602 ..      41     128 ..      34     131 .. 0.93

>> coasm_bin.325::contig_12578_pilon_229  
   #    score  bias  c-Evalue  i-Evalue hmmfrom  hmm to    alifrom  ali to    envfrom  env to     acc
 ---   ------ ----- --------- --------- ------- -------    ------- -------    ------- -------    ----
   1 ?    5.2   0.0     0.059   3.1e+02     112     172 ..      57     113 ..      54     131 .. 0.61
   2 !   37.3   0.1   1.1e-11   5.7e-08     272     419 ..     155     282 ..     142     287 .. 0.86
   3 !   10.7   0.0    0.0012       6.4     268     332 ..     283     344 ..     276     353 .. 0.85
   4 !   11.5   0.2   0.00072       3.7     526     583 ..     627     692 ..     609     694 .. 0.76
   5 ?    5.4   0.0     0.049   2.6e+02     559     585 ..     815     841 ..     761     845 .. 0.82

>> coasm_bin.47::contig_11401_pilon_124  
   #    score  bias  c-Evalue  i-Evalue hmmfrom  hmm to    alifrom  ali to    envfrom  env to     acc
 ---   ------ ----- --------- --------- ------- -------    ------- -------    ------- -------    ----
   1 !   60.9   0.1     8e-19   4.1e-15     508     603 ..      74     165 ..      66     165 .. 0.95

>> coasm_bin.22::contig_50426_pilon_2  
   #    score  bias  c-Evalue  i-Evalue hmmfrom  hmm to    alifrom  ali to    envfrom  env to     acc
 ---   ------ ----- --------- --------- ------- -------    ------- -------    ------- -------    ----
   1 !   60.2   0.0   1.3e-18   6.5e-15     511     603 ..      46     134 ..      42     135 .. 0.94

>> CAN_4_bin.11::contig_283_pilon_3170  
   #    score  bias  c-Evalue  i-Evalue hmmfrom  hmm to    alifrom  ali to    envfrom  env to     acc
 ---   ------ ----- --------- --------- ------- -------    ------- -------    ------- -------    ----
   1 ?    1.3   0.0      0.86   4.5e+03     124     173 ..      51      97 ..      45     112 .. 0.77
   2 !   39.4   0.4   2.6e-12   1.3e-08     269     424 ..     136     270 ..     125     272 .. 0.85
   3 !   20.7   0.2   1.2e-06     0.006     276     332 ..     273     327 ..     258     338 .. 0.86

>> CAN_4_bin.107::contig_7300_pilon_1  
   #    score  bias  c-Evalue  i-Evalue hmmfrom  hmm to    alifrom  ali to    envfrom  env to     acc
 ---   ------ ----- --------- --------- ------- -------    ------- -------    ------- -------    ----
   1 !   57.9   0.1   6.5e-18   3.4e-14     508     601 ..      46     141 ..      39     146 .. 0.88

>> CAN_4_bin.107::contig_5549_pilon_17  
   #    score  bias  c-Evalue  i-Evalue hmmfrom  hmm to    alifrom  ali to    envfrom  env to     acc
 ---   ------ ----- --------- --------- ------- -------    ------- -------    ------- -------    ----
   1 !   57.0   0.1   1.2e-17   6.1e-14     524     602 ..      91     165 ..      82     165 .. 0.96

>> coasm_bin.426::contig_49052_pilon_123  
   #    score  bias  c-Evalue  i-Evalue hmmfrom  hmm to    alifrom  ali to    envfrom  env to     acc
 ---   ------ ----- --------- --------- ------- -------    ------- -------    ------- -------    ----
   1 !   57.0   0.1   1.2e-17   6.1e-14     524     602 ..      91     165 ..      82     165 .. 0.96

>> coasm_bin.51::contig_26936_pilon_32  
   #    score  bias  c-Evalue  i-Evalue hmmfrom  hmm to    alifrom  ali to    envfrom  env to     acc
 ---   ------ ----- --------- --------- ------- -------    ------- -------    ------- -------    ----
   1 ?    6.7   0.0      0.02   1.1e+02     260     316 ..      22      76 ..      14      81 .. 0.88
   2 !   12.3   0.4    0.0004       2.1     272     331 ..     100     157 ..      84     161 .. 0.82
   3 !   25.9   0.1   3.1e-08   0.00016     274     393 ..     144     249 ..     140     253 .. 0.89
   4 !   16.0   0.0     3e-05      0.16     276     329 ..     277     328 ..     262     342 .. 0.85

>> coasm_bin.315::contig_35537_pilon_10  
   #    score  bias  c-Evalue  i-Evalue hmmfrom  hmm to    alifrom  ali to    envfrom  env to     acc
 ---   ------ ----- --------- --------- ------- -------    ------- -------    ------- -------    ----
   1 !   56.5   0.1   1.7e-17   8.7e-14     520     603 ..      87     166 ..      72     166 .. 0.95

>> coasm_bin.22::contig_61755_pilon_45  
   #    score  bias  c-Evalue  i-Evalue hmmfrom  hmm to    alifrom  ali to    envfrom  env to     acc
 ---   ------ ----- --------- --------- ------- -------    ------- -------    ------- -------    ----
   1 !   56.5   0.1   1.7e-17   8.9e-14     509     603 ..      66     156 ..      61     156 .. 0.93

>> coasm_bin.188::contig_17623_pilon_172  
   #    score  bias  c-Evalue  i-Evalue hmmfrom  hmm to    alifrom  ali to    envfrom  env to     acc
 ---   ------ ----- --------- --------- ------- -------    ------- -------    ------- -------    ----
   1 !   31.2   0.5   7.7e-10     4e-06     264     331 ..      23      87 ..       8      96 .. 0.77
   2 ?    5.5   0.1     0.049   2.5e+02     276     315 ..      76     113 ..      72     116 .. 0.85
   3 !   10.4   0.0    0.0016       8.2     271     328 ..     114     168 ..     102     180 .. 0.72
   4 ?   -1.3   0.0       5.3   2.8e+04     119     172 ..     190     249 ..     186     254 .. 0.69
   5 !   14.4   0.1   9.5e-05      0.49     271     331 ..     248     306 ..     237     316 .. 0.86

>> coasm_bin.181::contig_14660_pilon_188  
   #    score  bias  c-Evalue  i-Evalue hmmfrom  hmm to    alifrom  ali to    envfrom  env to     acc
 ---   ------ ----- --------- --------- ------- -------    ------- -------    ------- -------    ----
   1 !   54.8   0.1   5.4e-17   2.8e-13     519     603 ..      90     170 ..      78     170 .. 0.93

>> coasm_bin.260::contig_20316_pilon_654  
   #    score  bias  c-Evalue  i-Evalue hmmfrom  hmm to    alifrom  ali to    envfrom  env to     acc
 ---   ------ ----- --------- --------- ------- -------    ------- -------    ------- -------    ----
   1 !   54.4   0.0   7.3e-17   3.8e-13     520     604 ..      64     145 ..      47     147 .. 0.91

>> coasm_bin.222::contig_22655_pilon_270  
   #    score  bias  c-Evalue  i-Evalue hmmfrom  hmm to    alifrom  ali to    envfrom  env to     acc
 ---   ------ ----- --------- --------- ------- -------    ------- -------    ------- -------    ----
   1 ?    1.8   0.0      0.63   3.3e+03     274     330 ..      33      85 ..      23      89 .. 0.76
   2 ?    6.7   0.0      0.02     1e+02     277     338 ..      76     135 ..      59     151 .. 0.79
   3 !   18.6   0.0     5e-06     0.026     274     330 ..     158     212 ..     147     232 .. 0.83
   4 !   21.7   0.0   5.9e-07     0.003     270     335 ..     238     300 ..     226     307 .. 0.86

>> coasm_bin.249::contig_10326_pilon_132  
   #    score  bias  c-Evalue  i-Evalue hmmfrom  hmm to    alifrom  ali to    envfrom  env to     acc
 ---   ------ ----- --------- --------- ------- -------    ------- -------    ------- -------    ----
   1 !   51.9   0.2   4.1e-16   2.1e-12     474     602 ..      53     179 ..      43     179 .. 0.88

>> coasm_bin.256::contig_61326_pilon_18  
   #    score  bias  c-Evalue  i-Evalue hmmfrom  hmm to    alifrom  ali to    envfrom  env to     acc
 ---   ------ ----- --------- --------- ------- -------    ------- -------    ------- -------    ----
   1 ?    6.2   0.0     0.028   1.5e+02     266     316 ..      62     110 ..      32     142 .. 0.87
   2 !   16.0   0.0     3e-05      0.16     274     330 ..     155     209 ..     141     213 .. 0.85
   3 !   13.2   0.1   0.00023       1.2     274     329 ..     197     250 ..     191     251 .. 0.87
   4 !   18.7   0.0   4.7e-06     0.024     277     339 ..     242     302 ..     237     307 .. 0.89

>> coasm_bin.156::contig_12303_pilon_1005  
   #    score  bias  c-Evalue  i-Evalue hmmfrom  hmm to    alifrom  ali to    envfrom  env to     acc
 ---   ------ ----- --------- --------- ------- -------    ------- -------    ------- -------    ----
   1 !   21.7   0.3   5.7e-07     0.003     270     330 ..    1244    1302 ..    1227    1307 .. 0.85
   2 !    9.9   0.1    0.0021        11     289     328 ..    1303    1342 ..    1300    1351 .. 0.90
   3 ?   -0.8   0.0       3.7   1.9e+04     119     172 ..    1364    1414 ..    1359    1421 .. 0.83
   4 !   19.7   0.3   2.3e-06     0.012     277     331 ..    1419    1471 ..    1411    1521 .. 0.78

>> coasm_bin.543::contig_11244_pilon_2559  
   #    score  bias  c-Evalue  i-Evalue hmmfrom  hmm to    alifrom  ali to    envfrom  env to     acc
 ---   ------ ----- --------- --------- ------- -------    ------- -------    ------- -------    ----
   1 !    8.4   0.1    0.0064        33     265     317 ..      52     102 ..      43     138 .. 0.81
   2 !   38.7   1.2   4.2e-12   2.2e-08     270     425 ..     143     277 ..     130     283 .. 0.84
   3 ?    5.0   0.0     0.068   3.5e+02     277     329 ..     280     330 ..     277     344 .. 0.87

>> CAN_4_bin.70::contig_8184_pilon_36  
   #    score  bias  c-Evalue  i-Evalue hmmfrom  hmm to    alifrom  ali to    envfrom  env to     acc
 ---   ------ ----- --------- --------- ------- -------    ------- -------    ------- -------    ----
   1 !   50.4   0.4   1.2e-15   6.3e-12     525     602 ..      92     165 ..      88     165 .. 0.95

>> coasm_bin.399::contig_13235_pilon_7  
   #    score  bias  c-Evalue  i-Evalue hmmfrom  hmm to    alifrom  ali to    envfrom  env to     acc
 ---   ------ ----- --------- --------- ------- -------    ------- -------    ------- -------    ----
   1 !   10.4   0.0    0.0015       7.8     266     317 ..      23      71 ..      11      78 .. 0.80
   2 !   19.6   0.0   2.6e-06     0.014     273     336 ..     128     189 ..     113     200 .. 0.82
   3 ?    5.0   0.0     0.067   3.5e+02     272     317 ..     212     254 ..     200     260 .. 0.85
   4 !   11.1   0.0   0.00097         5     276     331 ..     262     315 ..     252     324 .. 0.85

>> CAN_4_bin.107::contig_15383_pilon_40  
   #    score  bias  c-Evalue  i-Evalue hmmfrom  hmm to    alifrom  ali to    envfrom  env to     acc
 ---   ------ ----- --------- --------- ------- -------    ------- -------    ------- -------    ----
   1 !   49.4   1.6   2.3e-15   1.2e-11     574     604 ..       2      32 ..       1      33 [. 0.93

>> coasm_bin.280::contig_18138_pilon_55  
   #    score  bias  c-Evalue  i-Evalue hmmfrom  hmm to    alifrom  ali to    envfrom  env to     acc
 ---   ------ ----- --------- --------- ------- -------    ------- -------    ------- -------    ----
   1 !   21.8   0.1   5.6e-07    0.0029     525     585 ..     116     175 ..      96     180 .. 0.86
   2 !   25.3   0.1   4.8e-08   0.00025     525     604 ..     256     342 ..     226     344 .. 0.79
   3 ?   -0.7   0.0       3.7   1.9e+04     560     581 ..     451     472 ..     446     473 .. 0.88

>> coasm_bin.313::contig_9789_pilon_151  
   #    score  bias  c-Evalue  i-Evalue hmmfrom  hmm to    alifrom  ali to    envfrom  env to     acc
 ---   ------ ----- --------- --------- ------- -------    ------- -------    ------- -------    ----
   1 !   48.9   0.2   3.5e-15   1.8e-11     525     604 ..      91     166 ..      83     167 .. 0.94

>> coasm_bin.260::contig_6013_pilon_471  
   #    score  bias  c-Evalue  i-Evalue hmmfrom  hmm to    alifrom  ali to    envfrom  env to     acc
 ---   ------ ----- --------- --------- ------- -------    ------- -------    ------- -------    ----
   1 !   48.7   0.1   3.9e-15     2e-11     520     603 ..      91     170 ..      78     170 .. 0.93

>> CAN_5_bin.62::contig_18469_pilon_2  
   #    score  bias  c-Evalue  i-Evalue hmmfrom  hmm to    alifrom  ali to    envfrom  env to     acc
 ---   ------ ----- --------- --------- ------- -------    ------- -------    ------- -------    ----
   1 !   47.9   0.1     7e-15   3.6e-11     508     601 ..      98     193 ..      94     198 .. 0.87

>> coasm_bin.563::contig_26482_pilon_149  
   #    score  bias  c-Evalue  i-Evalue hmmfrom  hmm to    alifrom  ali to    envfrom  env to     acc
 ---   ------ ----- --------- --------- ------- -------    ------- -------    ------- -------    ----
   1 ?    4.0   0.0      0.13   6.8e+02      21      65 ..      16      59 ..       3      69 .. 0.71
   2 !    9.0   0.0    0.0042        22     270     336 ..      76     139 ..      65     152 .. 0.81
   3 ?    6.1   0.0     0.031   1.6e+02     288     328 ..     133     173 ..     120     174 .. 0.89
   4 !   20.5   0.4   1.4e-06    0.0071     268     333 ..     156     220 ..     150     245 .. 0.78
   5 !   10.2   0.0    0.0018       9.5     275     329 ..     256     308 ..     242     318 .. 0.83

>> CAN_4_bin.11::contig_283_pilon_1107  
   #    score  bias  c-Evalue  i-Evalue hmmfrom  hmm to    alifrom  ali to    envfrom  env to     acc
 ---   ------ ----- --------- --------- ------- -------    ------- -------    ------- -------    ----
   1 !   47.2   0.0   1.1e-14   5.9e-11     519     603 ..      86     166 ..      67     166 .. 0.94

>> coasm_bin.313::contig_32202_pilon_45  
   #    score  bias  c-Evalue  i-Evalue hmmfrom  hmm to    alifrom  ali to    envfrom  env to     acc
 ---   ------ ----- --------- --------- ------- -------    ------- -------    ------- -------    ----
   1 !   46.7   0.0   1.6e-14   8.2e-11     520     603 ..      50     131 ..      36     133 .. 0.91



Internal pipeline statistics summary:
-------------------------------------
Query model(s):                            1  (606 nodes)
Target sequences:                     935110  (304044473 residues searched)
Passed MSV filter:                     18924  (0.0202372); expected 18702.2 (0.02)
Passed bias filter:                    15315  (0.0163778); expected 18702.2 (0.02)
Passed Vit filter:                      2149  (0.00229813); expected 935.1 (0.001)
Passed Fwd filter:                       749  (0.000800975); expected 9.4 (1e-05)
Initial search space (Z):             935110  [actual number of targets]
Domain search space  (domZ):             180  [number of targets reported over threshold]
# CPU time: 18.07u 0.86s 00:00:18.93 Elapsed: 00:00:05.84
# Mc/sec: 31497.73
//
[ok]
